Calling target program-options parser
[18:52:40.617] [bmv2] [D] [thread 3048] Set default default entry for table 'tbl_init': MyIngress.init - 
[18:52:40.617] [bmv2] [D] [thread 3048] Set default default entry for table 'tbl_compute_hashes': MyIngress.compute_hashes - 
[18:52:40.617] [bmv2] [D] [thread 3048] Set default default entry for table 'tbl_basic217': basic217 - 
[18:52:40.617] [bmv2] [D] [thread 3048] Set default default entry for table 'tbl_basic225': basic225 - 
[18:52:40.617] [bmv2] [D] [thread 3048] Set default default entry for table 'tbl_basic234': basic234 - 
[18:52:40.617] [bmv2] [D] [thread 3048] Set default default entry for table 'tbl_basic243': basic243 - 
[18:52:40.617] [bmv2] [D] [thread 3048] Set default default entry for table 'tbl_basic250': basic250 - 
[18:52:40.617] [bmv2] [D] [thread 3048] Set default default entry for table 'tbl_basic255': basic255 - 
[18:52:40.617] [bmv2] [D] [thread 3048] Set default default entry for table 'tbl_basic261': basic261 - 
[18:52:40.617] [bmv2] [D] [thread 3048] Set default default entry for table 'tbl_basic267': basic267 - 
[18:52:40.617] [bmv2] [D] [thread 3048] Set default default entry for table 'tbl_basic273': basic273 - 
[18:52:40.617] [bmv2] [D] [thread 3048] Set default default entry for table 'tbl_change_direction': MyIngress.change_direction - 
[18:52:40.617] [bmv2] [D] [thread 3048] Set default default entry for table 'MyIngress.ipv4_lpm': MyIngress.drop - 
[18:52:40.618] [bmv2] [D] [thread 3048] Set default default entry for table 'tbl_basic295': basic295 - 
Adding interface s1-eth1 as port 1
[18:52:40.619] [bmv2] [D] [thread 3048] Adding interface s1-eth1 as port 1
Adding interface s1-eth2 as port 2
[18:52:40.663] [bmv2] [D] [thread 3048] Adding interface s1-eth2 as port 2
Server listening on 0.0.0.0:50051
[18:52:40.702] [bmv2] [I] [thread 3048] Starting Thrift server on port 9090
[18:52:40.703] [bmv2] [I] [thread 3048] Thrift server was started
[18:52:40.779] [bmv2] [D] [thread 3058] [0.0] [cxt 0] Processing packet received on port 1
[18:52:40.779] [bmv2] [D] [thread 3058] [0.0] [cxt 0] Parser 'parser': start
[18:52:40.779] [bmv2] [D] [thread 3058] [0.0] [cxt 0] Parser 'parser' entering state 'start'
[18:52:40.779] [bmv2] [D] [thread 3058] [0.0] [cxt 0] Extracting header 'ethernet'
[18:52:40.779] [bmv2] [D] [thread 3058] [0.0] [cxt 0] Parser state 'start': key is 86dd
[18:52:40.779] [bmv2] [T] [thread 3058] [0.0] [cxt 0] Bytes parsed: 14
[18:52:40.779] [bmv2] [D] [thread 3058] [0.0] [cxt 0] Parser 'parser': end
[18:52:40.779] [bmv2] [D] [thread 3058] [0.0] [cxt 0] Pipeline 'ingress': start
[18:52:40.779] [bmv2] [T] [thread 3058] [0.0] [cxt 0] Applying table 'tbl_init'
[18:52:40.779] [bmv2] [D] [thread 3058] [0.0] [cxt 0] Looking up key:

[18:52:40.779] [bmv2] [D] [thread 3058] [0.0] [cxt 0] Table 'tbl_init': miss
[18:52:40.779] [bmv2] [D] [thread 3058] [0.0] [cxt 0] Action entry is MyIngress.init - 
[18:52:40.779] [bmv2] [T] [thread 3058] [0.0] [cxt 0] Action MyIngress.init
[18:52:40.779] [bmv2] [T] [thread 3058] [0.0] [cxt 0] basic.p4(174) Primitive evicted_key_2 = 0x0000
[18:52:40.779] [bmv2] [T] [thread 3058] [0.0] [cxt 0] basic.p4(175) Primitive evicted_value_2 = 0x0000
[18:52:40.779] [bmv2] [T] [thread 3058] [0.0] [cxt 0] basic.p4(176) Primitive meta.to_recirculate = 0x0
[18:52:40.779] [bmv2] [T] [thread 3058] [0.0] [cxt 0] Applying table 'tbl_compute_hashes'
[18:52:40.779] [bmv2] [D] [thread 3058] [0.0] [cxt 0] Looking up key:

[18:52:40.779] [bmv2] [D] [thread 3058] [0.0] [cxt 0] Table 'tbl_compute_hashes': miss
[18:52:40.779] [bmv2] [D] [thread 3058] [0.0] [cxt 0] Action entry is MyIngress.compute_hashes - 
[18:52:40.779] [bmv2] [T] [thread 3058] [0.0] [cxt 0] Action MyIngress.compute_hashes
[18:52:40.779] [bmv2] [T] [thread 3058] [0.0] [cxt 0] basic.p4(180) Primitive key
[18:52:40.779] [bmv2] [T] [thread 3058] [0.0] [cxt 0] basic.p4(180) Primitive hash(key_position, HashAlgorithm.crc32, (bit<32>)0, {key}, (bit<32>)4096)
[18:52:40.779] [bmv2] [T] [thread 3058] [0.0] [cxt 0] hash(base=0, max=4096) = 3868
[18:52:40.779] [bmv2] [T] [thread 3058] [0.0] [cxt 0] basic.p4(199) Condition "hdr.kv.direction == OUTBOUND" (node_4) is false
[18:52:40.779] [bmv2] [T] [thread 3058] [0.0] [cxt 0] basic.p4(247) Condition "hdr.kv.direction == INBOUND && hdr.kv.rw == READ_BIT" (node_12) is false
[18:52:40.779] [bmv2] [T] [thread 3058] [0.0] [cxt 0] basic.p4(276) Condition "meta.to_recirculate == 1" (node_22) is false
[18:52:40.779] [bmv2] [T] [thread 3058] [0.0] [cxt 0] basic.p4(279) Condition "hdr.ipv4.isValid()" (node_24) is false
[18:52:40.779] [bmv2] [D] [thread 3058] [0.0] [cxt 0] Pipeline 'ingress': end
[18:52:40.779] [bmv2] [D] [thread 3058] [0.0] [cxt 0] Egress port is 0
[18:52:40.779] [bmv2] [D] [thread 3059] [0.0] [cxt 0] Pipeline 'egress': start
[18:52:40.780] [bmv2] [T] [thread 3059] [0.0] [cxt 0] basic.p4(294) Condition "meta.to_recirculate == 1" (node_28) is false
[18:52:40.780] [bmv2] [D] [thread 3059] [0.0] [cxt 0] Pipeline 'egress': end
[18:52:40.780] [bmv2] [D] [thread 3059] [0.0] [cxt 0] Deparser 'deparser': start
[18:52:40.780] [bmv2] [T] [thread 3059] [0.0] [cxt 0] Skipping checksum 'cksum' update because condition not met
[18:52:40.780] [bmv2] [D] [thread 3059] [0.0] [cxt 0] Deparsing header 'ethernet'
[18:52:40.780] [bmv2] [D] [thread 3059] [0.0] [cxt 0] Deparser 'deparser': end
[18:52:40.780] [bmv2] [D] [thread 3063] [0.0] [cxt 0] Transmitting packet of size 86 out of port 0
[18:52:40.939] [bmv2] [D] [thread 3058] [1.0] [cxt 0] Processing packet received on port 2
[18:52:40.939] [bmv2] [D] [thread 3058] [1.0] [cxt 0] Parser 'parser': start
[18:52:40.939] [bmv2] [D] [thread 3058] [1.0] [cxt 0] Parser 'parser' entering state 'start'
[18:52:40.939] [bmv2] [D] [thread 3058] [1.0] [cxt 0] Extracting header 'ethernet'
[18:52:40.939] [bmv2] [D] [thread 3058] [1.0] [cxt 0] Parser state 'start': key is 86dd
[18:52:40.939] [bmv2] [T] [thread 3058] [1.0] [cxt 0] Bytes parsed: 14
[18:52:40.939] [bmv2] [D] [thread 3058] [1.0] [cxt 0] Parser 'parser': end
[18:52:40.939] [bmv2] [D] [thread 3058] [1.0] [cxt 0] Pipeline 'ingress': start
[18:52:40.939] [bmv2] [T] [thread 3058] [1.0] [cxt 0] Applying table 'tbl_init'
[18:52:40.939] [bmv2] [D] [thread 3058] [1.0] [cxt 0] Looking up key:

[18:52:40.939] [bmv2] [D] [thread 3058] [1.0] [cxt 0] Table 'tbl_init': miss
[18:52:40.939] [bmv2] [D] [thread 3058] [1.0] [cxt 0] Action entry is MyIngress.init - 
[18:52:40.939] [bmv2] [T] [thread 3058] [1.0] [cxt 0] Action MyIngress.init
[18:52:40.939] [bmv2] [T] [thread 3058] [1.0] [cxt 0] basic.p4(174) Primitive evicted_key_2 = 0x0000
[18:52:40.939] [bmv2] [T] [thread 3058] [1.0] [cxt 0] basic.p4(175) Primitive evicted_value_2 = 0x0000
[18:52:40.939] [bmv2] [T] [thread 3058] [1.0] [cxt 0] basic.p4(176) Primitive meta.to_recirculate = 0x0
[18:52:40.939] [bmv2] [T] [thread 3058] [1.0] [cxt 0] Applying table 'tbl_compute_hashes'
[18:52:40.939] [bmv2] [D] [thread 3058] [1.0] [cxt 0] Looking up key:

[18:52:40.939] [bmv2] [D] [thread 3058] [1.0] [cxt 0] Table 'tbl_compute_hashes': miss
[18:52:40.939] [bmv2] [D] [thread 3058] [1.0] [cxt 0] Action entry is MyIngress.compute_hashes - 
[18:52:40.940] [bmv2] [T] [thread 3058] [1.0] [cxt 0] Action MyIngress.compute_hashes
[18:52:40.940] [bmv2] [T] [thread 3058] [1.0] [cxt 0] basic.p4(180) Primitive key
[18:52:40.940] [bmv2] [T] [thread 3058] [1.0] [cxt 0] basic.p4(180) Primitive hash(key_position, HashAlgorithm.crc32, (bit<32>)0, {key}, (bit<32>)4096)
[18:52:40.940] [bmv2] [T] [thread 3058] [1.0] [cxt 0] hash(base=0, max=4096) = 3868
[18:52:40.940] [bmv2] [T] [thread 3058] [1.0] [cxt 0] basic.p4(199) Condition "hdr.kv.direction == OUTBOUND" (node_4) is false
[18:52:40.940] [bmv2] [T] [thread 3058] [1.0] [cxt 0] basic.p4(247) Condition "hdr.kv.direction == INBOUND && hdr.kv.rw == READ_BIT" (node_12) is false
[18:52:40.940] [bmv2] [T] [thread 3058] [1.0] [cxt 0] basic.p4(276) Condition "meta.to_recirculate == 1" (node_22) is false
[18:52:40.940] [bmv2] [T] [thread 3058] [1.0] [cxt 0] basic.p4(279) Condition "hdr.ipv4.isValid()" (node_24) is false
[18:52:40.940] [bmv2] [D] [thread 3058] [1.0] [cxt 0] Pipeline 'ingress': end
[18:52:40.940] [bmv2] [D] [thread 3058] [1.0] [cxt 0] Egress port is 0
[18:52:40.940] [bmv2] [D] [thread 3059] [1.0] [cxt 0] Pipeline 'egress': start
[18:52:40.940] [bmv2] [T] [thread 3059] [1.0] [cxt 0] basic.p4(294) Condition "meta.to_recirculate == 1" (node_28) is false
[18:52:40.940] [bmv2] [D] [thread 3059] [1.0] [cxt 0] Pipeline 'egress': end
[18:52:40.940] [bmv2] [D] [thread 3059] [1.0] [cxt 0] Deparser 'deparser': start
[18:52:40.940] [bmv2] [T] [thread 3059] [1.0] [cxt 0] Skipping checksum 'cksum' update because condition not met
[18:52:40.940] [bmv2] [D] [thread 3059] [1.0] [cxt 0] Deparsing header 'ethernet'
[18:52:40.940] [bmv2] [D] [thread 3059] [1.0] [cxt 0] Deparser 'deparser': end
[18:52:40.940] [bmv2] [D] [thread 3063] [1.0] [cxt 0] Transmitting packet of size 90 out of port 0
[18:52:41.430] [bmv2] [D] [thread 3058] [2.0] [cxt 0] Processing packet received on port 2
[18:52:41.430] [bmv2] [D] [thread 3058] [2.0] [cxt 0] Parser 'parser': start
[18:52:41.430] [bmv2] [D] [thread 3058] [2.0] [cxt 0] Parser 'parser' entering state 'start'
[18:52:41.430] [bmv2] [D] [thread 3058] [2.0] [cxt 0] Extracting header 'ethernet'
[18:52:41.430] [bmv2] [D] [thread 3058] [2.0] [cxt 0] Parser state 'start': key is 86dd
[18:52:41.430] [bmv2] [T] [thread 3058] [2.0] [cxt 0] Bytes parsed: 14
[18:52:41.430] [bmv2] [D] [thread 3058] [2.0] [cxt 0] Parser 'parser': end
[18:52:41.430] [bmv2] [D] [thread 3058] [2.0] [cxt 0] Pipeline 'ingress': start
[18:52:41.430] [bmv2] [T] [thread 3058] [2.0] [cxt 0] Applying table 'tbl_init'
[18:52:41.430] [bmv2] [D] [thread 3058] [2.0] [cxt 0] Looking up key:

[18:52:41.430] [bmv2] [D] [thread 3058] [2.0] [cxt 0] Table 'tbl_init': miss
[18:52:41.430] [bmv2] [D] [thread 3058] [2.0] [cxt 0] Action entry is MyIngress.init - 
[18:52:41.430] [bmv2] [T] [thread 3058] [2.0] [cxt 0] Action MyIngress.init
[18:52:41.430] [bmv2] [T] [thread 3058] [2.0] [cxt 0] basic.p4(174) Primitive evicted_key_2 = 0x0000
[18:52:41.430] [bmv2] [T] [thread 3058] [2.0] [cxt 0] basic.p4(175) Primitive evicted_value_2 = 0x0000
[18:52:41.430] [bmv2] [T] [thread 3058] [2.0] [cxt 0] basic.p4(176) Primitive meta.to_recirculate = 0x0
[18:52:41.430] [bmv2] [T] [thread 3058] [2.0] [cxt 0] Applying table 'tbl_compute_hashes'
[18:52:41.430] [bmv2] [D] [thread 3058] [2.0] [cxt 0] Looking up key:

[18:52:41.430] [bmv2] [D] [thread 3058] [2.0] [cxt 0] Table 'tbl_compute_hashes': miss
[18:52:41.430] [bmv2] [D] [thread 3058] [2.0] [cxt 0] Action entry is MyIngress.compute_hashes - 
[18:52:41.430] [bmv2] [T] [thread 3058] [2.0] [cxt 0] Action MyIngress.compute_hashes
[18:52:41.430] [bmv2] [T] [thread 3058] [2.0] [cxt 0] basic.p4(180) Primitive key
[18:52:41.430] [bmv2] [T] [thread 3058] [2.0] [cxt 0] basic.p4(180) Primitive hash(key_position, HashAlgorithm.crc32, (bit<32>)0, {key}, (bit<32>)4096)
[18:52:41.431] [bmv2] [T] [thread 3058] [2.0] [cxt 0] hash(base=0, max=4096) = 3868
[18:52:41.431] [bmv2] [T] [thread 3058] [2.0] [cxt 0] basic.p4(199) Condition "hdr.kv.direction == OUTBOUND" (node_4) is false
[18:52:41.431] [bmv2] [T] [thread 3058] [2.0] [cxt 0] basic.p4(247) Condition "hdr.kv.direction == INBOUND && hdr.kv.rw == READ_BIT" (node_12) is false
[18:52:41.431] [bmv2] [T] [thread 3058] [2.0] [cxt 0] basic.p4(276) Condition "meta.to_recirculate == 1" (node_22) is false
[18:52:41.431] [bmv2] [T] [thread 3058] [2.0] [cxt 0] basic.p4(279) Condition "hdr.ipv4.isValid()" (node_24) is false
[18:52:41.431] [bmv2] [D] [thread 3058] [2.0] [cxt 0] Pipeline 'ingress': end
[18:52:41.431] [bmv2] [D] [thread 3058] [2.0] [cxt 0] Egress port is 0
[18:52:41.431] [bmv2] [D] [thread 3059] [2.0] [cxt 0] Pipeline 'egress': start
[18:52:41.431] [bmv2] [T] [thread 3059] [2.0] [cxt 0] basic.p4(294) Condition "meta.to_recirculate == 1" (node_28) is false
[18:52:41.431] [bmv2] [D] [thread 3059] [2.0] [cxt 0] Pipeline 'egress': end
[18:52:41.431] [bmv2] [D] [thread 3059] [2.0] [cxt 0] Deparser 'deparser': start
[18:52:41.431] [bmv2] [T] [thread 3059] [2.0] [cxt 0] Skipping checksum 'cksum' update because condition not met
[18:52:41.431] [bmv2] [D] [thread 3059] [2.0] [cxt 0] Deparsing header 'ethernet'
[18:52:41.431] [bmv2] [D] [thread 3059] [2.0] [cxt 0] Deparser 'deparser': end
[18:52:41.431] [bmv2] [D] [thread 3058] [3.0] [cxt 0] Processing packet received on port 2
[18:52:41.431] [bmv2] [D] [thread 3058] [3.0] [cxt 0] Parser 'parser': start
[18:52:41.431] [bmv2] [D] [thread 3058] [3.0] [cxt 0] Parser 'parser' entering state 'start'
[18:52:41.431] [bmv2] [D] [thread 3058] [3.0] [cxt 0] Extracting header 'ethernet'
[18:52:41.431] [bmv2] [D] [thread 3063] [2.0] [cxt 0] Transmitting packet of size 90 out of port 0
[18:52:41.432] [bmv2] [D] [thread 3058] [3.0] [cxt 0] Parser state 'start': key is 86dd
[18:52:41.432] [bmv2] [T] [thread 3058] [3.0] [cxt 0] Bytes parsed: 14
[18:52:41.432] [bmv2] [D] [thread 3058] [3.0] [cxt 0] Parser 'parser': end
[18:52:41.432] [bmv2] [D] [thread 3058] [3.0] [cxt 0] Pipeline 'ingress': start
[18:52:41.432] [bmv2] [T] [thread 3058] [3.0] [cxt 0] Applying table 'tbl_init'
[18:52:41.433] [bmv2] [D] [thread 3058] [3.0] [cxt 0] Looking up key:

[18:52:41.433] [bmv2] [D] [thread 3058] [3.0] [cxt 0] Table 'tbl_init': miss
[18:52:41.433] [bmv2] [D] [thread 3058] [3.0] [cxt 0] Action entry is MyIngress.init - 
[18:52:41.433] [bmv2] [T] [thread 3058] [3.0] [cxt 0] Action MyIngress.init
[18:52:41.433] [bmv2] [T] [thread 3058] [3.0] [cxt 0] basic.p4(174) Primitive evicted_key_2 = 0x0000
[18:52:41.433] [bmv2] [T] [thread 3058] [3.0] [cxt 0] basic.p4(175) Primitive evicted_value_2 = 0x0000
[18:52:41.433] [bmv2] [T] [thread 3058] [3.0] [cxt 0] basic.p4(176) Primitive meta.to_recirculate = 0x0
[18:52:41.433] [bmv2] [T] [thread 3058] [3.0] [cxt 0] Applying table 'tbl_compute_hashes'
[18:52:41.433] [bmv2] [D] [thread 3058] [3.0] [cxt 0] Looking up key:

[18:52:41.433] [bmv2] [D] [thread 3058] [3.0] [cxt 0] Table 'tbl_compute_hashes': miss
[18:52:41.433] [bmv2] [D] [thread 3058] [3.0] [cxt 0] Action entry is MyIngress.compute_hashes - 
[18:52:41.433] [bmv2] [T] [thread 3058] [3.0] [cxt 0] Action MyIngress.compute_hashes
[18:52:41.433] [bmv2] [T] [thread 3058] [3.0] [cxt 0] basic.p4(180) Primitive key
[18:52:41.433] [bmv2] [T] [thread 3058] [3.0] [cxt 0] basic.p4(180) Primitive hash(key_position, HashAlgorithm.crc32, (bit<32>)0, {key}, (bit<32>)4096)
[18:52:41.433] [bmv2] [T] [thread 3058] [3.0] [cxt 0] hash(base=0, max=4096) = 3868
[18:52:41.433] [bmv2] [T] [thread 3058] [3.0] [cxt 0] basic.p4(199) Condition "hdr.kv.direction == OUTBOUND" (node_4) is false
[18:52:41.433] [bmv2] [T] [thread 3058] [3.0] [cxt 0] basic.p4(247) Condition "hdr.kv.direction == INBOUND && hdr.kv.rw == READ_BIT" (node_12) is false
[18:52:41.433] [bmv2] [T] [thread 3058] [3.0] [cxt 0] basic.p4(276) Condition "meta.to_recirculate == 1" (node_22) is false
[18:52:41.433] [bmv2] [T] [thread 3058] [3.0] [cxt 0] basic.p4(279) Condition "hdr.ipv4.isValid()" (node_24) is false
[18:52:41.433] [bmv2] [D] [thread 3058] [3.0] [cxt 0] Pipeline 'ingress': end
[18:52:41.433] [bmv2] [D] [thread 3058] [3.0] [cxt 0] Egress port is 0
[18:52:41.433] [bmv2] [D] [thread 3059] [3.0] [cxt 0] Pipeline 'egress': start
[18:52:41.433] [bmv2] [T] [thread 3059] [3.0] [cxt 0] basic.p4(294) Condition "meta.to_recirculate == 1" (node_28) is false
[18:52:41.433] [bmv2] [D] [thread 3059] [3.0] [cxt 0] Pipeline 'egress': end
[18:52:41.433] [bmv2] [D] [thread 3059] [3.0] [cxt 0] Deparser 'deparser': start
[18:52:41.433] [bmv2] [T] [thread 3059] [3.0] [cxt 0] Skipping checksum 'cksum' update because condition not met
[18:52:41.433] [bmv2] [D] [thread 3059] [3.0] [cxt 0] Deparsing header 'ethernet'
[18:52:41.433] [bmv2] [D] [thread 3059] [3.0] [cxt 0] Deparser 'deparser': end
[18:52:41.434] [bmv2] [D] [thread 3063] [3.0] [cxt 0] Transmitting packet of size 70 out of port 0
[18:52:41.833] [bmv2] [D] [thread 3058] [4.0] [cxt 0] Processing packet received on port 1
[18:52:41.833] [bmv2] [D] [thread 3058] [4.0] [cxt 0] Parser 'parser': start
[18:52:41.833] [bmv2] [D] [thread 3058] [4.0] [cxt 0] Parser 'parser' entering state 'start'
[18:52:41.833] [bmv2] [D] [thread 3058] [4.0] [cxt 0] Extracting header 'ethernet'
[18:52:41.833] [bmv2] [D] [thread 3058] [4.0] [cxt 0] Parser state 'start': key is 86dd
[18:52:41.833] [bmv2] [T] [thread 3058] [4.0] [cxt 0] Bytes parsed: 14
[18:52:41.833] [bmv2] [D] [thread 3058] [4.0] [cxt 0] Parser 'parser': end
[18:52:41.833] [bmv2] [D] [thread 3058] [4.0] [cxt 0] Pipeline 'ingress': start
[18:52:41.833] [bmv2] [T] [thread 3058] [4.0] [cxt 0] Applying table 'tbl_init'
[18:52:41.833] [bmv2] [D] [thread 3058] [4.0] [cxt 0] Looking up key:

[18:52:41.833] [bmv2] [D] [thread 3058] [4.0] [cxt 0] Table 'tbl_init': miss
[18:52:41.833] [bmv2] [D] [thread 3058] [4.0] [cxt 0] Action entry is MyIngress.init - 
[18:52:41.833] [bmv2] [T] [thread 3058] [4.0] [cxt 0] Action MyIngress.init
[18:52:41.833] [bmv2] [T] [thread 3058] [4.0] [cxt 0] basic.p4(174) Primitive evicted_key_2 = 0x0000
[18:52:41.833] [bmv2] [T] [thread 3058] [4.0] [cxt 0] basic.p4(175) Primitive evicted_value_2 = 0x0000
[18:52:41.833] [bmv2] [T] [thread 3058] [4.0] [cxt 0] basic.p4(176) Primitive meta.to_recirculate = 0x0
[18:52:41.833] [bmv2] [T] [thread 3058] [4.0] [cxt 0] Applying table 'tbl_compute_hashes'
[18:52:41.833] [bmv2] [D] [thread 3058] [4.0] [cxt 0] Looking up key:

[18:52:41.833] [bmv2] [D] [thread 3058] [4.0] [cxt 0] Table 'tbl_compute_hashes': miss
[18:52:41.833] [bmv2] [D] [thread 3058] [4.0] [cxt 0] Action entry is MyIngress.compute_hashes - 
[18:52:41.833] [bmv2] [T] [thread 3058] [4.0] [cxt 0] Action MyIngress.compute_hashes
[18:52:41.833] [bmv2] [T] [thread 3058] [4.0] [cxt 0] basic.p4(180) Primitive key
[18:52:41.833] [bmv2] [T] [thread 3058] [4.0] [cxt 0] basic.p4(180) Primitive hash(key_position, HashAlgorithm.crc32, (bit<32>)0, {key}, (bit<32>)4096)
[18:52:41.833] [bmv2] [T] [thread 3058] [4.0] [cxt 0] hash(base=0, max=4096) = 3868
[18:52:41.833] [bmv2] [T] [thread 3058] [4.0] [cxt 0] basic.p4(199) Condition "hdr.kv.direction == OUTBOUND" (node_4) is false
[18:52:41.833] [bmv2] [T] [thread 3058] [4.0] [cxt 0] basic.p4(247) Condition "hdr.kv.direction == INBOUND && hdr.kv.rw == READ_BIT" (node_12) is false
[18:52:41.833] [bmv2] [T] [thread 3058] [4.0] [cxt 0] basic.p4(276) Condition "meta.to_recirculate == 1" (node_22) is false
[18:52:41.833] [bmv2] [T] [thread 3058] [4.0] [cxt 0] basic.p4(279) Condition "hdr.ipv4.isValid()" (node_24) is false
[18:52:41.833] [bmv2] [D] [thread 3058] [4.0] [cxt 0] Pipeline 'ingress': end
[18:52:41.833] [bmv2] [D] [thread 3058] [4.0] [cxt 0] Egress port is 0
[18:52:41.833] [bmv2] [D] [thread 3059] [4.0] [cxt 0] Pipeline 'egress': start
[18:52:41.833] [bmv2] [T] [thread 3059] [4.0] [cxt 0] basic.p4(294) Condition "meta.to_recirculate == 1" (node_28) is false
[18:52:41.833] [bmv2] [D] [thread 3059] [4.0] [cxt 0] Pipeline 'egress': end
[18:52:41.833] [bmv2] [D] [thread 3059] [4.0] [cxt 0] Deparser 'deparser': start
[18:52:41.833] [bmv2] [T] [thread 3059] [4.0] [cxt 0] Skipping checksum 'cksum' update because condition not met
[18:52:41.833] [bmv2] [D] [thread 3059] [4.0] [cxt 0] Deparsing header 'ethernet'
[18:52:41.833] [bmv2] [D] [thread 3059] [4.0] [cxt 0] Deparser 'deparser': end
[18:52:41.833] [bmv2] [D] [thread 3063] [4.0] [cxt 0] Transmitting packet of size 90 out of port 0
[18:52:41.833] [bmv2] [D] [thread 3058] [5.0] [cxt 0] Processing packet received on port 1
[18:52:41.834] [bmv2] [D] [thread 3058] [5.0] [cxt 0] Parser 'parser': start
[18:52:41.834] [bmv2] [D] [thread 3058] [5.0] [cxt 0] Parser 'parser' entering state 'start'
[18:52:41.834] [bmv2] [D] [thread 3058] [5.0] [cxt 0] Extracting header 'ethernet'
[18:52:41.834] [bmv2] [D] [thread 3058] [5.0] [cxt 0] Parser state 'start': key is 86dd
[18:52:41.834] [bmv2] [T] [thread 3058] [5.0] [cxt 0] Bytes parsed: 14
[18:52:41.834] [bmv2] [D] [thread 3058] [5.0] [cxt 0] Parser 'parser': end
[18:52:41.834] [bmv2] [D] [thread 3058] [5.0] [cxt 0] Pipeline 'ingress': start
[18:52:41.834] [bmv2] [T] [thread 3058] [5.0] [cxt 0] Applying table 'tbl_init'
[18:52:41.834] [bmv2] [D] [thread 3058] [5.0] [cxt 0] Looking up key:

[18:52:41.834] [bmv2] [D] [thread 3058] [5.0] [cxt 0] Table 'tbl_init': miss
[18:52:41.834] [bmv2] [D] [thread 3058] [5.0] [cxt 0] Action entry is MyIngress.init - 
[18:52:41.834] [bmv2] [T] [thread 3058] [5.0] [cxt 0] Action MyIngress.init
[18:52:41.834] [bmv2] [T] [thread 3058] [5.0] [cxt 0] basic.p4(174) Primitive evicted_key_2 = 0x0000
[18:52:41.834] [bmv2] [T] [thread 3058] [5.0] [cxt 0] basic.p4(175) Primitive evicted_value_2 = 0x0000
[18:52:41.834] [bmv2] [T] [thread 3058] [5.0] [cxt 0] basic.p4(176) Primitive meta.to_recirculate = 0x0
[18:52:41.834] [bmv2] [T] [thread 3058] [5.0] [cxt 0] Applying table 'tbl_compute_hashes'
[18:52:41.834] [bmv2] [D] [thread 3058] [5.0] [cxt 0] Looking up key:

[18:52:41.834] [bmv2] [D] [thread 3058] [5.0] [cxt 0] Table 'tbl_compute_hashes': miss
[18:52:41.834] [bmv2] [D] [thread 3058] [5.0] [cxt 0] Action entry is MyIngress.compute_hashes - 
[18:52:41.834] [bmv2] [T] [thread 3058] [5.0] [cxt 0] Action MyIngress.compute_hashes
[18:52:41.835] [bmv2] [T] [thread 3058] [5.0] [cxt 0] basic.p4(180) Primitive key
[18:52:41.835] [bmv2] [T] [thread 3058] [5.0] [cxt 0] basic.p4(180) Primitive hash(key_position, HashAlgorithm.crc32, (bit<32>)0, {key}, (bit<32>)4096)
[18:52:41.835] [bmv2] [T] [thread 3058] [5.0] [cxt 0] hash(base=0, max=4096) = 3868
[18:52:41.835] [bmv2] [T] [thread 3058] [5.0] [cxt 0] basic.p4(199) Condition "hdr.kv.direction == OUTBOUND" (node_4) is false
[18:52:41.835] [bmv2] [T] [thread 3058] [5.0] [cxt 0] basic.p4(247) Condition "hdr.kv.direction == INBOUND && hdr.kv.rw == READ_BIT" (node_12) is false
[18:52:41.835] [bmv2] [T] [thread 3058] [5.0] [cxt 0] basic.p4(276) Condition "meta.to_recirculate == 1" (node_22) is false
[18:52:41.835] [bmv2] [T] [thread 3058] [5.0] [cxt 0] basic.p4(279) Condition "hdr.ipv4.isValid()" (node_24) is false
[18:52:41.835] [bmv2] [D] [thread 3058] [5.0] [cxt 0] Pipeline 'ingress': end
[18:52:41.835] [bmv2] [D] [thread 3058] [5.0] [cxt 0] Egress port is 0
[18:52:41.835] [bmv2] [D] [thread 3059] [5.0] [cxt 0] Pipeline 'egress': start
[18:52:41.835] [bmv2] [T] [thread 3059] [5.0] [cxt 0] basic.p4(294) Condition "meta.to_recirculate == 1" (node_28) is false
[18:52:41.835] [bmv2] [D] [thread 3059] [5.0] [cxt 0] Pipeline 'egress': end
[18:52:41.835] [bmv2] [D] [thread 3059] [5.0] [cxt 0] Deparser 'deparser': start
[18:52:41.835] [bmv2] [T] [thread 3059] [5.0] [cxt 0] Skipping checksum 'cksum' update because condition not met
[18:52:41.835] [bmv2] [D] [thread 3059] [5.0] [cxt 0] Deparsing header 'ethernet'
[18:52:41.835] [bmv2] [D] [thread 3059] [5.0] [cxt 0] Deparser 'deparser': end
[18:52:41.835] [bmv2] [D] [thread 3063] [5.0] [cxt 0] Transmitting packet of size 70 out of port 0
[18:52:41.839] [bmv2] [D] [thread 3058] [6.0] [cxt 0] Processing packet received on port 2
[18:52:41.839] [bmv2] [D] [thread 3058] [6.0] [cxt 0] Parser 'parser': start
[18:52:41.839] [bmv2] [D] [thread 3058] [6.0] [cxt 0] Parser 'parser' entering state 'start'
[18:52:41.839] [bmv2] [D] [thread 3058] [6.0] [cxt 0] Extracting header 'ethernet'
[18:52:41.839] [bmv2] [D] [thread 3058] [6.0] [cxt 0] Parser state 'start': key is 86dd
[18:52:41.839] [bmv2] [T] [thread 3058] [6.0] [cxt 0] Bytes parsed: 14
[18:52:41.839] [bmv2] [D] [thread 3058] [6.0] [cxt 0] Parser 'parser': end
[18:52:41.839] [bmv2] [D] [thread 3058] [6.0] [cxt 0] Pipeline 'ingress': start
[18:52:41.839] [bmv2] [T] [thread 3058] [6.0] [cxt 0] Applying table 'tbl_init'
[18:52:41.839] [bmv2] [D] [thread 3058] [6.0] [cxt 0] Looking up key:

[18:52:41.839] [bmv2] [D] [thread 3058] [6.0] [cxt 0] Table 'tbl_init': miss
[18:52:41.839] [bmv2] [D] [thread 3058] [6.0] [cxt 0] Action entry is MyIngress.init - 
[18:52:41.839] [bmv2] [T] [thread 3058] [6.0] [cxt 0] Action MyIngress.init
[18:52:41.839] [bmv2] [T] [thread 3058] [6.0] [cxt 0] basic.p4(174) Primitive evicted_key_2 = 0x0000
[18:52:41.839] [bmv2] [T] [thread 3058] [6.0] [cxt 0] basic.p4(175) Primitive evicted_value_2 = 0x0000
[18:52:41.839] [bmv2] [T] [thread 3058] [6.0] [cxt 0] basic.p4(176) Primitive meta.to_recirculate = 0x0
[18:52:41.839] [bmv2] [T] [thread 3058] [6.0] [cxt 0] Applying table 'tbl_compute_hashes'
[18:52:41.839] [bmv2] [D] [thread 3058] [6.0] [cxt 0] Looking up key:

[18:52:41.839] [bmv2] [D] [thread 3058] [6.0] [cxt 0] Table 'tbl_compute_hashes': miss
[18:52:41.839] [bmv2] [D] [thread 3058] [6.0] [cxt 0] Action entry is MyIngress.compute_hashes - 
[18:52:41.839] [bmv2] [T] [thread 3058] [6.0] [cxt 0] Action MyIngress.compute_hashes
[18:52:41.839] [bmv2] [T] [thread 3058] [6.0] [cxt 0] basic.p4(180) Primitive key
[18:52:41.839] [bmv2] [T] [thread 3058] [6.0] [cxt 0] basic.p4(180) Primitive hash(key_position, HashAlgorithm.crc32, (bit<32>)0, {key}, (bit<32>)4096)
[18:52:41.839] [bmv2] [T] [thread 3058] [6.0] [cxt 0] hash(base=0, max=4096) = 3868
[18:52:41.839] [bmv2] [T] [thread 3058] [6.0] [cxt 0] basic.p4(199) Condition "hdr.kv.direction == OUTBOUND" (node_4) is false
[18:52:41.839] [bmv2] [T] [thread 3058] [6.0] [cxt 0] basic.p4(247) Condition "hdr.kv.direction == INBOUND && hdr.kv.rw == READ_BIT" (node_12) is false
[18:52:41.839] [bmv2] [T] [thread 3058] [6.0] [cxt 0] basic.p4(276) Condition "meta.to_recirculate == 1" (node_22) is false
[18:52:41.839] [bmv2] [T] [thread 3058] [6.0] [cxt 0] basic.p4(279) Condition "hdr.ipv4.isValid()" (node_24) is false
[18:52:41.839] [bmv2] [D] [thread 3058] [6.0] [cxt 0] Pipeline 'ingress': end
[18:52:41.839] [bmv2] [D] [thread 3058] [6.0] [cxt 0] Egress port is 0
[18:52:41.839] [bmv2] [D] [thread 3059] [6.0] [cxt 0] Pipeline 'egress': start
[18:52:41.839] [bmv2] [T] [thread 3059] [6.0] [cxt 0] basic.p4(294) Condition "meta.to_recirculate == 1" (node_28) is false
[18:52:41.839] [bmv2] [D] [thread 3059] [6.0] [cxt 0] Pipeline 'egress': end
[18:52:41.839] [bmv2] [D] [thread 3059] [6.0] [cxt 0] Deparser 'deparser': start
[18:52:41.839] [bmv2] [T] [thread 3059] [6.0] [cxt 0] Skipping checksum 'cksum' update because condition not met
[18:52:41.839] [bmv2] [D] [thread 3059] [6.0] [cxt 0] Deparsing header 'ethernet'
[18:52:41.839] [bmv2] [D] [thread 3059] [6.0] [cxt 0] Deparser 'deparser': end
[18:52:41.839] [bmv2] [D] [thread 3063] [6.0] [cxt 0] Transmitting packet of size 90 out of port 0
[18:52:42.152] [bmv2] [W] [thread 3075] [P4Runtime] p4::tmp::P4DeviceConfig is deprecated
[18:52:42.203] [bmv2] [D] [thread 3075] Set default default entry for table 'tbl_init': MyIngress.init - 
[18:52:42.203] [bmv2] [D] [thread 3075] Set default default entry for table 'tbl_compute_hashes': MyIngress.compute_hashes - 
[18:52:42.203] [bmv2] [D] [thread 3075] Set default default entry for table 'tbl_basic217': basic217 - 
[18:52:42.203] [bmv2] [D] [thread 3075] Set default default entry for table 'tbl_basic225': basic225 - 
[18:52:42.203] [bmv2] [D] [thread 3075] Set default default entry for table 'tbl_basic234': basic234 - 
[18:52:42.203] [bmv2] [D] [thread 3075] Set default default entry for table 'tbl_basic243': basic243 - 
[18:52:42.203] [bmv2] [D] [thread 3075] Set default default entry for table 'tbl_basic250': basic250 - 
[18:52:42.203] [bmv2] [D] [thread 3075] Set default default entry for table 'tbl_basic255': basic255 - 
[18:52:42.203] [bmv2] [D] [thread 3075] Set default default entry for table 'tbl_basic261': basic261 - 
[18:52:42.203] [bmv2] [D] [thread 3075] Set default default entry for table 'tbl_basic267': basic267 - 
[18:52:42.203] [bmv2] [D] [thread 3075] Set default default entry for table 'tbl_basic273': basic273 - 
[18:52:42.203] [bmv2] [D] [thread 3075] Set default default entry for table 'tbl_change_direction': MyIngress.change_direction - 
[18:52:42.203] [bmv2] [D] [thread 3075] Set default default entry for table 'MyIngress.ipv4_lpm': MyIngress.drop - 
[18:52:42.204] [bmv2] [D] [thread 3075] Set default default entry for table 'tbl_basic295': basic295 - 
[18:52:42.224] [bmv2] [D] [thread 3075] simple_switch target has been notified of a config swap
[18:52:42.227] [bmv2] [D] [thread 3076] Set default entry for table 'MyIngress.ipv4_lpm': MyIngress.drop - 
[18:52:42.229] [bmv2] [D] [thread 3075] Entry 0 added to table 'MyIngress.ipv4_lpm'
[18:52:42.230] [bmv2] [D] [thread 3075] Dumping entry 0
Match key:
* hdr.ipv4.dstAddr    : LPM       0a000101/32
Action entry: MyIngress.ipv4_forward - 80000000111,1,

[18:52:42.232] [bmv2] [D] [thread 3076] Entry 1 added to table 'MyIngress.ipv4_lpm'
[18:52:42.232] [bmv2] [D] [thread 3076] Dumping entry 1
Match key:
* hdr.ipv4.dstAddr    : LPM       0a000202/32
Action entry: MyIngress.ipv4_forward - 80000000222,2,

[18:52:42.732] [bmv2] [D] [thread 3058] [7.0] [cxt 0] Processing packet received on port 1
[18:52:42.732] [bmv2] [D] [thread 3058] [7.0] [cxt 0] Parser 'parser': start
[18:52:42.732] [bmv2] [D] [thread 3058] [7.0] [cxt 0] Parser 'parser' entering state 'start'
[18:52:42.732] [bmv2] [D] [thread 3058] [7.0] [cxt 0] Extracting header 'ethernet'
[18:52:42.732] [bmv2] [D] [thread 3058] [7.0] [cxt 0] Parser state 'start': key is 86dd
[18:52:42.732] [bmv2] [T] [thread 3058] [7.0] [cxt 0] Bytes parsed: 14
[18:52:42.732] [bmv2] [D] [thread 3058] [7.0] [cxt 0] Parser 'parser': end
[18:52:42.732] [bmv2] [D] [thread 3058] [7.0] [cxt 0] Pipeline 'ingress': start
[18:52:42.732] [bmv2] [T] [thread 3058] [7.0] [cxt 0] Applying table 'tbl_init'
[18:52:42.732] [bmv2] [D] [thread 3058] [7.0] [cxt 0] Looking up key:

[18:52:42.732] [bmv2] [D] [thread 3058] [7.0] [cxt 0] Table 'tbl_init': miss
[18:52:42.732] [bmv2] [D] [thread 3058] [7.0] [cxt 0] Action entry is MyIngress.init - 
[18:52:42.732] [bmv2] [T] [thread 3058] [7.0] [cxt 0] Action MyIngress.init
[18:52:42.732] [bmv2] [T] [thread 3058] [7.0] [cxt 0] basic.p4(174) Primitive evicted_key_2 = 0x0000
[18:52:42.732] [bmv2] [T] [thread 3058] [7.0] [cxt 0] basic.p4(175) Primitive evicted_value_2 = 0x0000
[18:52:42.732] [bmv2] [T] [thread 3058] [7.0] [cxt 0] basic.p4(176) Primitive meta.to_recirculate = 0x0
[18:52:42.732] [bmv2] [T] [thread 3058] [7.0] [cxt 0] Applying table 'tbl_compute_hashes'
[18:52:42.732] [bmv2] [D] [thread 3058] [7.0] [cxt 0] Looking up key:

[18:52:42.732] [bmv2] [D] [thread 3058] [7.0] [cxt 0] Table 'tbl_compute_hashes': miss
[18:52:42.732] [bmv2] [D] [thread 3058] [7.0] [cxt 0] Action entry is MyIngress.compute_hashes - 
[18:52:42.733] [bmv2] [T] [thread 3058] [7.0] [cxt 0] Action MyIngress.compute_hashes
[18:52:42.733] [bmv2] [T] [thread 3058] [7.0] [cxt 0] basic.p4(180) Primitive key
[18:52:42.733] [bmv2] [T] [thread 3058] [7.0] [cxt 0] basic.p4(180) Primitive hash(key_position, HashAlgorithm.crc32, (bit<32>)0, {key}, (bit<32>)4096)
[18:52:42.733] [bmv2] [T] [thread 3058] [7.0] [cxt 0] hash(base=0, max=4096) = 3868
[18:52:42.733] [bmv2] [T] [thread 3058] [7.0] [cxt 0] basic.p4(199) Condition "hdr.kv.direction == OUTBOUND" (node_4) is false
[18:52:42.733] [bmv2] [T] [thread 3058] [7.0] [cxt 0] basic.p4(247) Condition "hdr.kv.direction == INBOUND && hdr.kv.rw == READ_BIT" (node_12) is false
[18:52:42.733] [bmv2] [T] [thread 3058] [7.0] [cxt 0] basic.p4(276) Condition "meta.to_recirculate == 1" (node_22) is false
[18:52:42.733] [bmv2] [T] [thread 3058] [7.0] [cxt 0] basic.p4(279) Condition "hdr.ipv4.isValid()" (node_24) is false
[18:52:42.733] [bmv2] [D] [thread 3058] [7.0] [cxt 0] Pipeline 'ingress': end
[18:52:42.733] [bmv2] [D] [thread 3058] [7.0] [cxt 0] Egress port is 0
[18:52:42.733] [bmv2] [D] [thread 3059] [7.0] [cxt 0] Pipeline 'egress': start
[18:52:42.733] [bmv2] [T] [thread 3059] [7.0] [cxt 0] basic.p4(294) Condition "meta.to_recirculate == 1" (node_28) is false
[18:52:42.733] [bmv2] [D] [thread 3059] [7.0] [cxt 0] Pipeline 'egress': end
[18:52:42.733] [bmv2] [D] [thread 3059] [7.0] [cxt 0] Deparser 'deparser': start
[18:52:42.733] [bmv2] [T] [thread 3059] [7.0] [cxt 0] Skipping checksum 'cksum' update because condition not met
[18:52:42.733] [bmv2] [D] [thread 3059] [7.0] [cxt 0] Deparsing header 'ethernet'
[18:52:42.733] [bmv2] [D] [thread 3059] [7.0] [cxt 0] Deparser 'deparser': end
[18:52:42.733] [bmv2] [D] [thread 3063] [7.0] [cxt 0] Transmitting packet of size 90 out of port 0
[18:52:45.515] [bmv2] [D] [thread 3058] [8.0] [cxt 0] Processing packet received on port 2
[18:52:45.515] [bmv2] [D] [thread 3058] [8.0] [cxt 0] Parser 'parser': start
[18:52:45.515] [bmv2] [D] [thread 3058] [8.0] [cxt 0] Parser 'parser' entering state 'start'
[18:52:45.515] [bmv2] [D] [thread 3058] [8.0] [cxt 0] Extracting header 'ethernet'
[18:52:45.515] [bmv2] [D] [thread 3058] [8.0] [cxt 0] Parser state 'start': key is 86dd
[18:52:45.515] [bmv2] [T] [thread 3058] [8.0] [cxt 0] Bytes parsed: 14
[18:52:45.515] [bmv2] [D] [thread 3058] [8.0] [cxt 0] Parser 'parser': end
[18:52:45.515] [bmv2] [D] [thread 3058] [8.0] [cxt 0] Pipeline 'ingress': start
[18:52:45.515] [bmv2] [T] [thread 3058] [8.0] [cxt 0] Applying table 'tbl_init'
[18:52:45.515] [bmv2] [D] [thread 3058] [8.0] [cxt 0] Looking up key:

[18:52:45.516] [bmv2] [D] [thread 3058] [8.0] [cxt 0] Table 'tbl_init': miss
[18:52:45.516] [bmv2] [D] [thread 3058] [8.0] [cxt 0] Action entry is MyIngress.init - 
[18:52:45.516] [bmv2] [T] [thread 3058] [8.0] [cxt 0] Action MyIngress.init
[18:52:45.516] [bmv2] [T] [thread 3058] [8.0] [cxt 0] basic.p4(174) Primitive evicted_key_2 = 0x0000
[18:52:45.516] [bmv2] [T] [thread 3058] [8.0] [cxt 0] basic.p4(175) Primitive evicted_value_2 = 0x0000
[18:52:45.516] [bmv2] [T] [thread 3058] [8.0] [cxt 0] basic.p4(176) Primitive meta.to_recirculate = 0x0
[18:52:45.516] [bmv2] [T] [thread 3058] [8.0] [cxt 0] Applying table 'tbl_compute_hashes'
[18:52:45.516] [bmv2] [D] [thread 3058] [8.0] [cxt 0] Looking up key:

[18:52:45.516] [bmv2] [D] [thread 3058] [8.0] [cxt 0] Table 'tbl_compute_hashes': miss
[18:52:45.516] [bmv2] [D] [thread 3058] [8.0] [cxt 0] Action entry is MyIngress.compute_hashes - 
[18:52:45.516] [bmv2] [T] [thread 3058] [8.0] [cxt 0] Action MyIngress.compute_hashes
[18:52:45.516] [bmv2] [T] [thread 3058] [8.0] [cxt 0] basic.p4(180) Primitive key
[18:52:45.516] [bmv2] [T] [thread 3058] [8.0] [cxt 0] basic.p4(180) Primitive hash(key_position, HashAlgorithm.crc32, (bit<32>)0, {key}, (bit<32>)4096)
[18:52:45.516] [bmv2] [T] [thread 3058] [8.0] [cxt 0] hash(base=0, max=4096) = 3868
[18:52:45.516] [bmv2] [T] [thread 3058] [8.0] [cxt 0] basic.p4(199) Condition "hdr.kv.direction == OUTBOUND" (node_4) is false
[18:52:45.516] [bmv2] [T] [thread 3058] [8.0] [cxt 0] basic.p4(247) Condition "hdr.kv.direction == INBOUND && hdr.kv.rw == READ_BIT" (node_12) is false
[18:52:45.516] [bmv2] [T] [thread 3058] [8.0] [cxt 0] basic.p4(276) Condition "meta.to_recirculate == 1" (node_22) is false
[18:52:45.516] [bmv2] [T] [thread 3058] [8.0] [cxt 0] basic.p4(279) Condition "hdr.ipv4.isValid()" (node_24) is false
[18:52:45.516] [bmv2] [D] [thread 3058] [8.0] [cxt 0] Pipeline 'ingress': end
[18:52:45.516] [bmv2] [D] [thread 3058] [8.0] [cxt 0] Egress port is 0
[18:52:45.516] [bmv2] [D] [thread 3059] [8.0] [cxt 0] Pipeline 'egress': start
[18:52:45.516] [bmv2] [T] [thread 3059] [8.0] [cxt 0] basic.p4(294) Condition "meta.to_recirculate == 1" (node_28) is false
[18:52:45.516] [bmv2] [D] [thread 3059] [8.0] [cxt 0] Pipeline 'egress': end
[18:52:45.516] [bmv2] [D] [thread 3059] [8.0] [cxt 0] Deparser 'deparser': start
[18:52:45.516] [bmv2] [T] [thread 3059] [8.0] [cxt 0] Skipping checksum 'cksum' update because condition not met
[18:52:45.516] [bmv2] [D] [thread 3059] [8.0] [cxt 0] Deparsing header 'ethernet'
[18:52:45.516] [bmv2] [D] [thread 3059] [8.0] [cxt 0] Deparser 'deparser': end
[18:52:45.517] [bmv2] [D] [thread 3063] [8.0] [cxt 0] Transmitting packet of size 70 out of port 0
[18:52:45.771] [bmv2] [D] [thread 3058] [9.0] [cxt 0] Processing packet received on port 1
[18:52:45.771] [bmv2] [D] [thread 3058] [9.0] [cxt 0] Parser 'parser': start
[18:52:45.771] [bmv2] [D] [thread 3058] [9.0] [cxt 0] Parser 'parser' entering state 'start'
[18:52:45.771] [bmv2] [D] [thread 3058] [9.0] [cxt 0] Extracting header 'ethernet'
[18:52:45.771] [bmv2] [D] [thread 3058] [9.0] [cxt 0] Parser state 'start': key is 86dd
[18:52:45.771] [bmv2] [T] [thread 3058] [9.0] [cxt 0] Bytes parsed: 14
[18:52:45.771] [bmv2] [D] [thread 3058] [9.0] [cxt 0] Parser 'parser': end
[18:52:45.771] [bmv2] [D] [thread 3058] [9.0] [cxt 0] Pipeline 'ingress': start
[18:52:45.771] [bmv2] [T] [thread 3058] [9.0] [cxt 0] Applying table 'tbl_init'
[18:52:45.771] [bmv2] [D] [thread 3058] [9.0] [cxt 0] Looking up key:

[18:52:45.771] [bmv2] [D] [thread 3058] [9.0] [cxt 0] Table 'tbl_init': miss
[18:52:45.771] [bmv2] [D] [thread 3058] [9.0] [cxt 0] Action entry is MyIngress.init - 
[18:52:45.771] [bmv2] [T] [thread 3058] [9.0] [cxt 0] Action MyIngress.init
[18:52:45.771] [bmv2] [T] [thread 3058] [9.0] [cxt 0] basic.p4(174) Primitive evicted_key_2 = 0x0000
[18:52:45.771] [bmv2] [T] [thread 3058] [9.0] [cxt 0] basic.p4(175) Primitive evicted_value_2 = 0x0000
[18:52:45.771] [bmv2] [T] [thread 3058] [9.0] [cxt 0] basic.p4(176) Primitive meta.to_recirculate = 0x0
[18:52:45.771] [bmv2] [T] [thread 3058] [9.0] [cxt 0] Applying table 'tbl_compute_hashes'
[18:52:45.771] [bmv2] [D] [thread 3058] [9.0] [cxt 0] Looking up key:

[18:52:45.771] [bmv2] [D] [thread 3058] [9.0] [cxt 0] Table 'tbl_compute_hashes': miss
[18:52:45.771] [bmv2] [D] [thread 3058] [9.0] [cxt 0] Action entry is MyIngress.compute_hashes - 
[18:52:45.771] [bmv2] [T] [thread 3058] [9.0] [cxt 0] Action MyIngress.compute_hashes
[18:52:45.771] [bmv2] [T] [thread 3058] [9.0] [cxt 0] basic.p4(180) Primitive key
[18:52:45.771] [bmv2] [T] [thread 3058] [9.0] [cxt 0] basic.p4(180) Primitive hash(key_position, HashAlgorithm.crc32, (bit<32>)0, {key}, (bit<32>)4096)
[18:52:45.771] [bmv2] [T] [thread 3058] [9.0] [cxt 0] hash(base=0, max=4096) = 3868
[18:52:45.771] [bmv2] [T] [thread 3058] [9.0] [cxt 0] basic.p4(199) Condition "hdr.kv.direction == OUTBOUND" (node_4) is false
[18:52:45.771] [bmv2] [T] [thread 3058] [9.0] [cxt 0] basic.p4(247) Condition "hdr.kv.direction == INBOUND && hdr.kv.rw == READ_BIT" (node_12) is false
[18:52:45.771] [bmv2] [T] [thread 3058] [9.0] [cxt 0] basic.p4(276) Condition "meta.to_recirculate == 1" (node_22) is false
[18:52:45.771] [bmv2] [T] [thread 3058] [9.0] [cxt 0] basic.p4(279) Condition "hdr.ipv4.isValid()" (node_24) is false
[18:52:45.771] [bmv2] [D] [thread 3058] [9.0] [cxt 0] Pipeline 'ingress': end
[18:52:45.771] [bmv2] [D] [thread 3058] [9.0] [cxt 0] Egress port is 0
[18:52:45.771] [bmv2] [D] [thread 3059] [9.0] [cxt 0] Pipeline 'egress': start
[18:52:45.771] [bmv2] [T] [thread 3059] [9.0] [cxt 0] basic.p4(294) Condition "meta.to_recirculate == 1" (node_28) is false
[18:52:45.771] [bmv2] [D] [thread 3059] [9.0] [cxt 0] Pipeline 'egress': end
[18:52:45.771] [bmv2] [D] [thread 3059] [9.0] [cxt 0] Deparser 'deparser': start
[18:52:45.771] [bmv2] [T] [thread 3059] [9.0] [cxt 0] Skipping checksum 'cksum' update because condition not met
[18:52:45.771] [bmv2] [D] [thread 3059] [9.0] [cxt 0] Deparsing header 'ethernet'
[18:52:45.772] [bmv2] [D] [thread 3059] [9.0] [cxt 0] Deparser 'deparser': end
[18:52:45.772] [bmv2] [D] [thread 3063] [9.0] [cxt 0] Transmitting packet of size 70 out of port 0
[18:52:53.452] [bmv2] [D] [thread 3058] [10.0] [cxt 0] Processing packet received on port 1
[18:52:53.452] [bmv2] [D] [thread 3058] [10.0] [cxt 0] Parser 'parser': start
[18:52:53.452] [bmv2] [D] [thread 3058] [10.0] [cxt 0] Parser 'parser' entering state 'start'
[18:52:53.452] [bmv2] [D] [thread 3058] [10.0] [cxt 0] Extracting header 'ethernet'
[18:52:53.452] [bmv2] [D] [thread 3058] [10.0] [cxt 0] Parser state 'start': key is 86dd
[18:52:53.452] [bmv2] [T] [thread 3058] [10.0] [cxt 0] Bytes parsed: 14
[18:52:53.452] [bmv2] [D] [thread 3058] [10.0] [cxt 0] Parser 'parser': end
[18:52:53.452] [bmv2] [D] [thread 3058] [10.0] [cxt 0] Pipeline 'ingress': start
[18:52:53.452] [bmv2] [T] [thread 3058] [10.0] [cxt 0] Applying table 'tbl_init'
[18:52:53.452] [bmv2] [D] [thread 3058] [10.0] [cxt 0] Looking up key:

[18:52:53.452] [bmv2] [D] [thread 3058] [10.0] [cxt 0] Table 'tbl_init': miss
[18:52:53.452] [bmv2] [D] [thread 3058] [10.0] [cxt 0] Action entry is MyIngress.init - 
[18:52:53.452] [bmv2] [T] [thread 3058] [10.0] [cxt 0] Action MyIngress.init
[18:52:53.452] [bmv2] [T] [thread 3058] [10.0] [cxt 0] basic.p4(174) Primitive evicted_key_2 = 0x0000
[18:52:53.452] [bmv2] [T] [thread 3058] [10.0] [cxt 0] basic.p4(175) Primitive evicted_value_2 = 0x0000
[18:52:53.452] [bmv2] [T] [thread 3058] [10.0] [cxt 0] basic.p4(176) Primitive meta.to_recirculate = 0x0
[18:52:53.452] [bmv2] [T] [thread 3058] [10.0] [cxt 0] Applying table 'tbl_compute_hashes'
[18:52:53.452] [bmv2] [D] [thread 3058] [10.0] [cxt 0] Looking up key:

[18:52:53.452] [bmv2] [D] [thread 3058] [10.0] [cxt 0] Table 'tbl_compute_hashes': miss
[18:52:53.452] [bmv2] [D] [thread 3058] [10.0] [cxt 0] Action entry is MyIngress.compute_hashes - 
[18:52:53.452] [bmv2] [T] [thread 3058] [10.0] [cxt 0] Action MyIngress.compute_hashes
[18:52:53.452] [bmv2] [T] [thread 3058] [10.0] [cxt 0] basic.p4(180) Primitive key
[18:52:53.452] [bmv2] [T] [thread 3058] [10.0] [cxt 0] basic.p4(180) Primitive hash(key_position, HashAlgorithm.crc32, (bit<32>)0, {key}, (bit<32>)4096)
[18:52:53.452] [bmv2] [T] [thread 3058] [10.0] [cxt 0] hash(base=0, max=4096) = 3868
[18:52:53.452] [bmv2] [T] [thread 3058] [10.0] [cxt 0] basic.p4(199) Condition "hdr.kv.direction == OUTBOUND" (node_4) is false
[18:52:53.452] [bmv2] [T] [thread 3058] [10.0] [cxt 0] basic.p4(247) Condition "hdr.kv.direction == INBOUND && hdr.kv.rw == READ_BIT" (node_12) is false
[18:52:53.452] [bmv2] [T] [thread 3058] [10.0] [cxt 0] basic.p4(276) Condition "meta.to_recirculate == 1" (node_22) is false
[18:52:53.452] [bmv2] [T] [thread 3058] [10.0] [cxt 0] basic.p4(279) Condition "hdr.ipv4.isValid()" (node_24) is false
[18:52:53.452] [bmv2] [D] [thread 3058] [10.0] [cxt 0] Pipeline 'ingress': end
[18:52:53.452] [bmv2] [D] [thread 3058] [10.0] [cxt 0] Egress port is 0
[18:52:53.452] [bmv2] [D] [thread 3059] [10.0] [cxt 0] Pipeline 'egress': start
[18:52:53.452] [bmv2] [T] [thread 3059] [10.0] [cxt 0] basic.p4(294) Condition "meta.to_recirculate == 1" (node_28) is false
[18:52:53.452] [bmv2] [D] [thread 3059] [10.0] [cxt 0] Pipeline 'egress': end
[18:52:53.452] [bmv2] [D] [thread 3059] [10.0] [cxt 0] Deparser 'deparser': start
[18:52:53.452] [bmv2] [T] [thread 3059] [10.0] [cxt 0] Skipping checksum 'cksum' update because condition not met
[18:52:53.452] [bmv2] [D] [thread 3059] [10.0] [cxt 0] Deparsing header 'ethernet'
[18:52:53.452] [bmv2] [D] [thread 3059] [10.0] [cxt 0] Deparser 'deparser': end
[18:52:53.452] [bmv2] [D] [thread 3063] [10.0] [cxt 0] Transmitting packet of size 70 out of port 0
[18:52:54.219] [bmv2] [D] [thread 3058] [11.0] [cxt 0] Processing packet received on port 2
[18:52:54.219] [bmv2] [D] [thread 3058] [11.0] [cxt 0] Parser 'parser': start
[18:52:54.219] [bmv2] [D] [thread 3058] [11.0] [cxt 0] Parser 'parser' entering state 'start'
[18:52:54.219] [bmv2] [D] [thread 3058] [11.0] [cxt 0] Extracting header 'ethernet'
[18:52:54.219] [bmv2] [D] [thread 3058] [11.0] [cxt 0] Parser state 'start': key is 86dd
[18:52:54.219] [bmv2] [T] [thread 3058] [11.0] [cxt 0] Bytes parsed: 14
[18:52:54.219] [bmv2] [D] [thread 3058] [11.0] [cxt 0] Parser 'parser': end
[18:52:54.219] [bmv2] [D] [thread 3058] [11.0] [cxt 0] Pipeline 'ingress': start
[18:52:54.219] [bmv2] [T] [thread 3058] [11.0] [cxt 0] Applying table 'tbl_init'
[18:52:54.219] [bmv2] [D] [thread 3058] [11.0] [cxt 0] Looking up key:

[18:52:54.219] [bmv2] [D] [thread 3058] [11.0] [cxt 0] Table 'tbl_init': miss
[18:52:54.219] [bmv2] [D] [thread 3058] [11.0] [cxt 0] Action entry is MyIngress.init - 
[18:52:54.219] [bmv2] [T] [thread 3058] [11.0] [cxt 0] Action MyIngress.init
[18:52:54.219] [bmv2] [T] [thread 3058] [11.0] [cxt 0] basic.p4(174) Primitive evicted_key_2 = 0x0000
[18:52:54.219] [bmv2] [T] [thread 3058] [11.0] [cxt 0] basic.p4(175) Primitive evicted_value_2 = 0x0000
[18:52:54.219] [bmv2] [T] [thread 3058] [11.0] [cxt 0] basic.p4(176) Primitive meta.to_recirculate = 0x0
[18:52:54.219] [bmv2] [T] [thread 3058] [11.0] [cxt 0] Applying table 'tbl_compute_hashes'
[18:52:54.219] [bmv2] [D] [thread 3058] [11.0] [cxt 0] Looking up key:

[18:52:54.219] [bmv2] [D] [thread 3058] [11.0] [cxt 0] Table 'tbl_compute_hashes': miss
[18:52:54.219] [bmv2] [D] [thread 3058] [11.0] [cxt 0] Action entry is MyIngress.compute_hashes - 
[18:52:54.219] [bmv2] [T] [thread 3058] [11.0] [cxt 0] Action MyIngress.compute_hashes
[18:52:54.219] [bmv2] [T] [thread 3058] [11.0] [cxt 0] basic.p4(180) Primitive key
[18:52:54.219] [bmv2] [T] [thread 3058] [11.0] [cxt 0] basic.p4(180) Primitive hash(key_position, HashAlgorithm.crc32, (bit<32>)0, {key}, (bit<32>)4096)
[18:52:54.219] [bmv2] [T] [thread 3058] [11.0] [cxt 0] hash(base=0, max=4096) = 3868
[18:52:54.219] [bmv2] [T] [thread 3058] [11.0] [cxt 0] basic.p4(199) Condition "hdr.kv.direction == OUTBOUND" (node_4) is false
[18:52:54.219] [bmv2] [T] [thread 3058] [11.0] [cxt 0] basic.p4(247) Condition "hdr.kv.direction == INBOUND && hdr.kv.rw == READ_BIT" (node_12) is false
[18:52:54.219] [bmv2] [T] [thread 3058] [11.0] [cxt 0] basic.p4(276) Condition "meta.to_recirculate == 1" (node_22) is false
[18:52:54.219] [bmv2] [T] [thread 3058] [11.0] [cxt 0] basic.p4(279) Condition "hdr.ipv4.isValid()" (node_24) is false
[18:52:54.219] [bmv2] [D] [thread 3058] [11.0] [cxt 0] Pipeline 'ingress': end
[18:52:54.219] [bmv2] [D] [thread 3058] [11.0] [cxt 0] Egress port is 0
[18:52:54.219] [bmv2] [D] [thread 3059] [11.0] [cxt 0] Pipeline 'egress': start
[18:52:54.219] [bmv2] [T] [thread 3059] [11.0] [cxt 0] basic.p4(294) Condition "meta.to_recirculate == 1" (node_28) is false
[18:52:54.219] [bmv2] [D] [thread 3059] [11.0] [cxt 0] Pipeline 'egress': end
[18:52:54.219] [bmv2] [D] [thread 3059] [11.0] [cxt 0] Deparser 'deparser': start
[18:52:54.219] [bmv2] [T] [thread 3059] [11.0] [cxt 0] Skipping checksum 'cksum' update because condition not met
[18:52:54.219] [bmv2] [D] [thread 3059] [11.0] [cxt 0] Deparsing header 'ethernet'
[18:52:54.219] [bmv2] [D] [thread 3059] [11.0] [cxt 0] Deparser 'deparser': end
[18:52:54.219] [bmv2] [D] [thread 3063] [11.0] [cxt 0] Transmitting packet of size 70 out of port 0
[18:53:08.811] [bmv2] [D] [thread 3058] [12.0] [cxt 0] Processing packet received on port 1
[18:53:08.811] [bmv2] [D] [thread 3058] [12.0] [cxt 0] Parser 'parser': start
[18:53:08.811] [bmv2] [D] [thread 3058] [12.0] [cxt 0] Parser 'parser' entering state 'start'
[18:53:08.811] [bmv2] [D] [thread 3058] [12.0] [cxt 0] Extracting header 'ethernet'
[18:53:08.811] [bmv2] [D] [thread 3058] [12.0] [cxt 0] Parser state 'start': key is 86dd
[18:53:08.811] [bmv2] [T] [thread 3058] [12.0] [cxt 0] Bytes parsed: 14
[18:53:08.811] [bmv2] [D] [thread 3058] [12.0] [cxt 0] Parser 'parser': end
[18:53:08.812] [bmv2] [D] [thread 3058] [12.0] [cxt 0] Pipeline 'ingress': start
[18:53:08.812] [bmv2] [T] [thread 3058] [12.0] [cxt 0] Applying table 'tbl_init'
[18:53:08.812] [bmv2] [D] [thread 3058] [12.0] [cxt 0] Looking up key:

[18:53:08.812] [bmv2] [D] [thread 3058] [12.0] [cxt 0] Table 'tbl_init': miss
[18:53:08.812] [bmv2] [D] [thread 3058] [12.0] [cxt 0] Action entry is MyIngress.init - 
[18:53:08.812] [bmv2] [T] [thread 3058] [12.0] [cxt 0] Action MyIngress.init
[18:53:08.812] [bmv2] [T] [thread 3058] [12.0] [cxt 0] basic.p4(174) Primitive evicted_key_2 = 0x0000
[18:53:08.812] [bmv2] [T] [thread 3058] [12.0] [cxt 0] basic.p4(175) Primitive evicted_value_2 = 0x0000
[18:53:08.812] [bmv2] [T] [thread 3058] [12.0] [cxt 0] basic.p4(176) Primitive meta.to_recirculate = 0x0
[18:53:08.812] [bmv2] [T] [thread 3058] [12.0] [cxt 0] Applying table 'tbl_compute_hashes'
[18:53:08.812] [bmv2] [D] [thread 3058] [12.0] [cxt 0] Looking up key:

[18:53:08.812] [bmv2] [D] [thread 3058] [12.0] [cxt 0] Table 'tbl_compute_hashes': miss
[18:53:08.812] [bmv2] [D] [thread 3058] [12.0] [cxt 0] Action entry is MyIngress.compute_hashes - 
[18:53:08.812] [bmv2] [T] [thread 3058] [12.0] [cxt 0] Action MyIngress.compute_hashes
[18:53:08.812] [bmv2] [T] [thread 3058] [12.0] [cxt 0] basic.p4(180) Primitive key
[18:53:08.812] [bmv2] [T] [thread 3058] [12.0] [cxt 0] basic.p4(180) Primitive hash(key_position, HashAlgorithm.crc32, (bit<32>)0, {key}, (bit<32>)4096)
[18:53:08.812] [bmv2] [T] [thread 3058] [12.0] [cxt 0] hash(base=0, max=4096) = 3868
[18:53:08.812] [bmv2] [T] [thread 3058] [12.0] [cxt 0] basic.p4(199) Condition "hdr.kv.direction == OUTBOUND" (node_4) is false
[18:53:08.812] [bmv2] [T] [thread 3058] [12.0] [cxt 0] basic.p4(247) Condition "hdr.kv.direction == INBOUND && hdr.kv.rw == READ_BIT" (node_12) is false
[18:53:08.812] [bmv2] [T] [thread 3058] [12.0] [cxt 0] basic.p4(276) Condition "meta.to_recirculate == 1" (node_22) is false
[18:53:08.812] [bmv2] [T] [thread 3058] [12.0] [cxt 0] basic.p4(279) Condition "hdr.ipv4.isValid()" (node_24) is false
[18:53:08.812] [bmv2] [D] [thread 3058] [12.0] [cxt 0] Pipeline 'ingress': end
[18:53:08.812] [bmv2] [D] [thread 3058] [12.0] [cxt 0] Egress port is 0
[18:53:08.812] [bmv2] [D] [thread 3059] [12.0] [cxt 0] Pipeline 'egress': start
[18:53:08.812] [bmv2] [T] [thread 3059] [12.0] [cxt 0] basic.p4(294) Condition "meta.to_recirculate == 1" (node_28) is false
[18:53:08.812] [bmv2] [D] [thread 3059] [12.0] [cxt 0] Pipeline 'egress': end
[18:53:08.812] [bmv2] [D] [thread 3059] [12.0] [cxt 0] Deparser 'deparser': start
[18:53:08.812] [bmv2] [T] [thread 3059] [12.0] [cxt 0] Skipping checksum 'cksum' update because condition not met
[18:53:08.812] [bmv2] [D] [thread 3059] [12.0] [cxt 0] Deparsing header 'ethernet'
[18:53:08.812] [bmv2] [D] [thread 3059] [12.0] [cxt 0] Deparser 'deparser': end
[18:53:08.813] [bmv2] [D] [thread 3063] [12.0] [cxt 0] Transmitting packet of size 70 out of port 0
[18:53:13.163] [bmv2] [D] [thread 3058] [13.0] [cxt 0] Processing packet received on port 2
[18:53:13.163] [bmv2] [D] [thread 3058] [13.0] [cxt 0] Parser 'parser': start
[18:53:13.163] [bmv2] [D] [thread 3058] [13.0] [cxt 0] Parser 'parser' entering state 'start'
[18:53:13.163] [bmv2] [D] [thread 3058] [13.0] [cxt 0] Extracting header 'ethernet'
[18:53:13.163] [bmv2] [D] [thread 3058] [13.0] [cxt 0] Parser state 'start': key is 86dd
[18:53:13.163] [bmv2] [T] [thread 3058] [13.0] [cxt 0] Bytes parsed: 14
[18:53:13.163] [bmv2] [D] [thread 3058] [13.0] [cxt 0] Parser 'parser': end
[18:53:13.163] [bmv2] [D] [thread 3058] [13.0] [cxt 0] Pipeline 'ingress': start
[18:53:13.163] [bmv2] [T] [thread 3058] [13.0] [cxt 0] Applying table 'tbl_init'
[18:53:13.163] [bmv2] [D] [thread 3058] [13.0] [cxt 0] Looking up key:

[18:53:13.163] [bmv2] [D] [thread 3058] [13.0] [cxt 0] Table 'tbl_init': miss
[18:53:13.163] [bmv2] [D] [thread 3058] [13.0] [cxt 0] Action entry is MyIngress.init - 
[18:53:13.163] [bmv2] [T] [thread 3058] [13.0] [cxt 0] Action MyIngress.init
[18:53:13.163] [bmv2] [T] [thread 3058] [13.0] [cxt 0] basic.p4(174) Primitive evicted_key_2 = 0x0000
[18:53:13.163] [bmv2] [T] [thread 3058] [13.0] [cxt 0] basic.p4(175) Primitive evicted_value_2 = 0x0000
[18:53:13.163] [bmv2] [T] [thread 3058] [13.0] [cxt 0] basic.p4(176) Primitive meta.to_recirculate = 0x0
[18:53:13.163] [bmv2] [T] [thread 3058] [13.0] [cxt 0] Applying table 'tbl_compute_hashes'
[18:53:13.163] [bmv2] [D] [thread 3058] [13.0] [cxt 0] Looking up key:

[18:53:13.163] [bmv2] [D] [thread 3058] [13.0] [cxt 0] Table 'tbl_compute_hashes': miss
[18:53:13.163] [bmv2] [D] [thread 3058] [13.0] [cxt 0] Action entry is MyIngress.compute_hashes - 
[18:53:13.163] [bmv2] [T] [thread 3058] [13.0] [cxt 0] Action MyIngress.compute_hashes
[18:53:13.163] [bmv2] [T] [thread 3058] [13.0] [cxt 0] basic.p4(180) Primitive key
[18:53:13.163] [bmv2] [T] [thread 3058] [13.0] [cxt 0] basic.p4(180) Primitive hash(key_position, HashAlgorithm.crc32, (bit<32>)0, {key}, (bit<32>)4096)
[18:53:13.163] [bmv2] [T] [thread 3058] [13.0] [cxt 0] hash(base=0, max=4096) = 3868
[18:53:13.163] [bmv2] [T] [thread 3058] [13.0] [cxt 0] basic.p4(199) Condition "hdr.kv.direction == OUTBOUND" (node_4) is false
[18:53:13.163] [bmv2] [T] [thread 3058] [13.0] [cxt 0] basic.p4(247) Condition "hdr.kv.direction == INBOUND && hdr.kv.rw == READ_BIT" (node_12) is false
[18:53:13.163] [bmv2] [T] [thread 3058] [13.0] [cxt 0] basic.p4(276) Condition "meta.to_recirculate == 1" (node_22) is false
[18:53:13.163] [bmv2] [T] [thread 3058] [13.0] [cxt 0] basic.p4(279) Condition "hdr.ipv4.isValid()" (node_24) is false
[18:53:13.163] [bmv2] [D] [thread 3058] [13.0] [cxt 0] Pipeline 'ingress': end
[18:53:13.163] [bmv2] [D] [thread 3058] [13.0] [cxt 0] Egress port is 0
[18:53:13.163] [bmv2] [D] [thread 3059] [13.0] [cxt 0] Pipeline 'egress': start
[18:53:13.163] [bmv2] [T] [thread 3059] [13.0] [cxt 0] basic.p4(294) Condition "meta.to_recirculate == 1" (node_28) is false
[18:53:13.163] [bmv2] [D] [thread 3059] [13.0] [cxt 0] Pipeline 'egress': end
[18:53:13.163] [bmv2] [D] [thread 3059] [13.0] [cxt 0] Deparser 'deparser': start
[18:53:13.163] [bmv2] [T] [thread 3059] [13.0] [cxt 0] Skipping checksum 'cksum' update because condition not met
[18:53:13.163] [bmv2] [D] [thread 3059] [13.0] [cxt 0] Deparsing header 'ethernet'
[18:53:13.163] [bmv2] [D] [thread 3059] [13.0] [cxt 0] Deparser 'deparser': end
[18:53:13.163] [bmv2] [D] [thread 3063] [13.0] [cxt 0] Transmitting packet of size 70 out of port 0
[18:53:39.787] [bmv2] [D] [thread 3058] [14.0] [cxt 0] Processing packet received on port 1
[18:53:39.787] [bmv2] [D] [thread 3058] [14.0] [cxt 0] Parser 'parser': start
[18:53:39.787] [bmv2] [D] [thread 3058] [14.0] [cxt 0] Parser 'parser' entering state 'start'
[18:53:39.787] [bmv2] [D] [thread 3058] [14.0] [cxt 0] Extracting header 'ethernet'
[18:53:39.787] [bmv2] [D] [thread 3058] [14.0] [cxt 0] Parser state 'start': key is 86dd
[18:53:39.787] [bmv2] [T] [thread 3058] [14.0] [cxt 0] Bytes parsed: 14
[18:53:39.787] [bmv2] [D] [thread 3058] [14.0] [cxt 0] Parser 'parser': end
[18:53:39.787] [bmv2] [D] [thread 3058] [14.0] [cxt 0] Pipeline 'ingress': start
[18:53:39.787] [bmv2] [T] [thread 3058] [14.0] [cxt 0] Applying table 'tbl_init'
[18:53:39.787] [bmv2] [D] [thread 3058] [14.0] [cxt 0] Looking up key:

[18:53:39.787] [bmv2] [D] [thread 3058] [14.0] [cxt 0] Table 'tbl_init': miss
[18:53:39.787] [bmv2] [D] [thread 3058] [14.0] [cxt 0] Action entry is MyIngress.init - 
[18:53:39.787] [bmv2] [T] [thread 3058] [14.0] [cxt 0] Action MyIngress.init
[18:53:39.787] [bmv2] [T] [thread 3058] [14.0] [cxt 0] basic.p4(174) Primitive evicted_key_2 = 0x0000
[18:53:39.787] [bmv2] [T] [thread 3058] [14.0] [cxt 0] basic.p4(175) Primitive evicted_value_2 = 0x0000
[18:53:39.787] [bmv2] [T] [thread 3058] [14.0] [cxt 0] basic.p4(176) Primitive meta.to_recirculate = 0x0
[18:53:39.787] [bmv2] [T] [thread 3058] [14.0] [cxt 0] Applying table 'tbl_compute_hashes'
[18:53:39.787] [bmv2] [D] [thread 3058] [14.0] [cxt 0] Looking up key:

[18:53:39.787] [bmv2] [D] [thread 3058] [14.0] [cxt 0] Table 'tbl_compute_hashes': miss
[18:53:39.787] [bmv2] [D] [thread 3058] [14.0] [cxt 0] Action entry is MyIngress.compute_hashes - 
[18:53:39.787] [bmv2] [T] [thread 3058] [14.0] [cxt 0] Action MyIngress.compute_hashes
[18:53:39.787] [bmv2] [T] [thread 3058] [14.0] [cxt 0] basic.p4(180) Primitive key
[18:53:39.787] [bmv2] [T] [thread 3058] [14.0] [cxt 0] basic.p4(180) Primitive hash(key_position, HashAlgorithm.crc32, (bit<32>)0, {key}, (bit<32>)4096)
[18:53:39.787] [bmv2] [T] [thread 3058] [14.0] [cxt 0] hash(base=0, max=4096) = 3868
[18:53:39.787] [bmv2] [T] [thread 3058] [14.0] [cxt 0] basic.p4(199) Condition "hdr.kv.direction == OUTBOUND" (node_4) is false
[18:53:39.787] [bmv2] [T] [thread 3058] [14.0] [cxt 0] basic.p4(247) Condition "hdr.kv.direction == INBOUND && hdr.kv.rw == READ_BIT" (node_12) is false
[18:53:39.787] [bmv2] [T] [thread 3058] [14.0] [cxt 0] basic.p4(276) Condition "meta.to_recirculate == 1" (node_22) is false
[18:53:39.787] [bmv2] [T] [thread 3058] [14.0] [cxt 0] basic.p4(279) Condition "hdr.ipv4.isValid()" (node_24) is false
[18:53:39.787] [bmv2] [D] [thread 3058] [14.0] [cxt 0] Pipeline 'ingress': end
[18:53:39.787] [bmv2] [D] [thread 3058] [14.0] [cxt 0] Egress port is 0
[18:53:39.787] [bmv2] [D] [thread 3059] [14.0] [cxt 0] Pipeline 'egress': start
[18:53:39.787] [bmv2] [T] [thread 3059] [14.0] [cxt 0] basic.p4(294) Condition "meta.to_recirculate == 1" (node_28) is false
[18:53:39.787] [bmv2] [D] [thread 3059] [14.0] [cxt 0] Pipeline 'egress': end
[18:53:39.787] [bmv2] [D] [thread 3059] [14.0] [cxt 0] Deparser 'deparser': start
[18:53:39.787] [bmv2] [T] [thread 3059] [14.0] [cxt 0] Skipping checksum 'cksum' update because condition not met
[18:53:39.787] [bmv2] [D] [thread 3059] [14.0] [cxt 0] Deparsing header 'ethernet'
[18:53:39.787] [bmv2] [D] [thread 3059] [14.0] [cxt 0] Deparser 'deparser': end
[18:53:39.788] [bmv2] [D] [thread 3063] [14.0] [cxt 0] Transmitting packet of size 70 out of port 0
[18:53:50.027] [bmv2] [D] [thread 3058] [15.0] [cxt 0] Processing packet received on port 2
[18:53:50.027] [bmv2] [D] [thread 3058] [15.0] [cxt 0] Parser 'parser': start
[18:53:50.027] [bmv2] [D] [thread 3058] [15.0] [cxt 0] Parser 'parser' entering state 'start'
[18:53:50.027] [bmv2] [D] [thread 3058] [15.0] [cxt 0] Extracting header 'ethernet'
[18:53:50.027] [bmv2] [D] [thread 3058] [15.0] [cxt 0] Parser state 'start': key is 86dd
[18:53:50.028] [bmv2] [T] [thread 3058] [15.0] [cxt 0] Bytes parsed: 14
[18:53:50.028] [bmv2] [D] [thread 3058] [15.0] [cxt 0] Parser 'parser': end
[18:53:50.028] [bmv2] [D] [thread 3058] [15.0] [cxt 0] Pipeline 'ingress': start
[18:53:50.028] [bmv2] [T] [thread 3058] [15.0] [cxt 0] Applying table 'tbl_init'
[18:53:50.028] [bmv2] [D] [thread 3058] [15.0] [cxt 0] Looking up key:

[18:53:50.028] [bmv2] [D] [thread 3058] [15.0] [cxt 0] Table 'tbl_init': miss
[18:53:50.028] [bmv2] [D] [thread 3058] [15.0] [cxt 0] Action entry is MyIngress.init - 
[18:53:50.028] [bmv2] [T] [thread 3058] [15.0] [cxt 0] Action MyIngress.init
[18:53:50.028] [bmv2] [T] [thread 3058] [15.0] [cxt 0] basic.p4(174) Primitive evicted_key_2 = 0x0000
[18:53:50.028] [bmv2] [T] [thread 3058] [15.0] [cxt 0] basic.p4(175) Primitive evicted_value_2 = 0x0000
[18:53:50.028] [bmv2] [T] [thread 3058] [15.0] [cxt 0] basic.p4(176) Primitive meta.to_recirculate = 0x0
[18:53:50.028] [bmv2] [T] [thread 3058] [15.0] [cxt 0] Applying table 'tbl_compute_hashes'
[18:53:50.028] [bmv2] [D] [thread 3058] [15.0] [cxt 0] Looking up key:

[18:53:50.028] [bmv2] [D] [thread 3058] [15.0] [cxt 0] Table 'tbl_compute_hashes': miss
[18:53:50.028] [bmv2] [D] [thread 3058] [15.0] [cxt 0] Action entry is MyIngress.compute_hashes - 
[18:53:50.028] [bmv2] [T] [thread 3058] [15.0] [cxt 0] Action MyIngress.compute_hashes
[18:53:50.028] [bmv2] [T] [thread 3058] [15.0] [cxt 0] basic.p4(180) Primitive key
[18:53:50.028] [bmv2] [T] [thread 3058] [15.0] [cxt 0] basic.p4(180) Primitive hash(key_position, HashAlgorithm.crc32, (bit<32>)0, {key}, (bit<32>)4096)
[18:53:50.028] [bmv2] [T] [thread 3058] [15.0] [cxt 0] hash(base=0, max=4096) = 3868
[18:53:50.028] [bmv2] [T] [thread 3058] [15.0] [cxt 0] basic.p4(199) Condition "hdr.kv.direction == OUTBOUND" (node_4) is false
[18:53:50.028] [bmv2] [T] [thread 3058] [15.0] [cxt 0] basic.p4(247) Condition "hdr.kv.direction == INBOUND && hdr.kv.rw == READ_BIT" (node_12) is false
[18:53:50.028] [bmv2] [T] [thread 3058] [15.0] [cxt 0] basic.p4(276) Condition "meta.to_recirculate == 1" (node_22) is false
[18:53:50.028] [bmv2] [T] [thread 3058] [15.0] [cxt 0] basic.p4(279) Condition "hdr.ipv4.isValid()" (node_24) is false
[18:53:50.028] [bmv2] [D] [thread 3058] [15.0] [cxt 0] Pipeline 'ingress': end
[18:53:50.028] [bmv2] [D] [thread 3058] [15.0] [cxt 0] Egress port is 0
[18:53:50.028] [bmv2] [D] [thread 3059] [15.0] [cxt 0] Pipeline 'egress': start
[18:53:50.028] [bmv2] [T] [thread 3059] [15.0] [cxt 0] basic.p4(294) Condition "meta.to_recirculate == 1" (node_28) is false
[18:53:50.028] [bmv2] [D] [thread 3059] [15.0] [cxt 0] Pipeline 'egress': end
[18:53:50.028] [bmv2] [D] [thread 3059] [15.0] [cxt 0] Deparser 'deparser': start
[18:53:50.028] [bmv2] [T] [thread 3059] [15.0] [cxt 0] Skipping checksum 'cksum' update because condition not met
[18:53:50.028] [bmv2] [D] [thread 3059] [15.0] [cxt 0] Deparsing header 'ethernet'
[18:53:50.028] [bmv2] [D] [thread 3059] [15.0] [cxt 0] Deparser 'deparser': end
[18:53:50.028] [bmv2] [D] [thread 3063] [15.0] [cxt 0] Transmitting packet of size 70 out of port 0
[18:54:43.275] [bmv2] [D] [thread 3058] [16.0] [cxt 0] Processing packet received on port 1
[18:54:43.275] [bmv2] [D] [thread 3058] [16.0] [cxt 0] Parser 'parser': start
[18:54:43.275] [bmv2] [D] [thread 3058] [16.0] [cxt 0] Parser 'parser' entering state 'start'
[18:54:43.275] [bmv2] [D] [thread 3058] [16.0] [cxt 0] Extracting header 'ethernet'
[18:54:43.275] [bmv2] [D] [thread 3058] [16.0] [cxt 0] Parser state 'start': key is 86dd
[18:54:43.275] [bmv2] [T] [thread 3058] [16.0] [cxt 0] Bytes parsed: 14
[18:54:43.275] [bmv2] [D] [thread 3058] [16.0] [cxt 0] Parser 'parser': end
[18:54:43.275] [bmv2] [D] [thread 3058] [16.0] [cxt 0] Pipeline 'ingress': start
[18:54:43.275] [bmv2] [T] [thread 3058] [16.0] [cxt 0] Applying table 'tbl_init'
[18:54:43.276] [bmv2] [D] [thread 3058] [16.0] [cxt 0] Looking up key:

[18:54:43.276] [bmv2] [D] [thread 3058] [16.0] [cxt 0] Table 'tbl_init': miss
[18:54:43.276] [bmv2] [D] [thread 3058] [16.0] [cxt 0] Action entry is MyIngress.init - 
[18:54:43.276] [bmv2] [T] [thread 3058] [16.0] [cxt 0] Action MyIngress.init
[18:54:43.276] [bmv2] [T] [thread 3058] [16.0] [cxt 0] basic.p4(174) Primitive evicted_key_2 = 0x0000
[18:54:43.276] [bmv2] [T] [thread 3058] [16.0] [cxt 0] basic.p4(175) Primitive evicted_value_2 = 0x0000
[18:54:43.276] [bmv2] [T] [thread 3058] [16.0] [cxt 0] basic.p4(176) Primitive meta.to_recirculate = 0x0
[18:54:43.276] [bmv2] [T] [thread 3058] [16.0] [cxt 0] Applying table 'tbl_compute_hashes'
[18:54:43.276] [bmv2] [D] [thread 3058] [16.0] [cxt 0] Looking up key:

[18:54:43.276] [bmv2] [D] [thread 3058] [16.0] [cxt 0] Table 'tbl_compute_hashes': miss
[18:54:43.276] [bmv2] [D] [thread 3058] [16.0] [cxt 0] Action entry is MyIngress.compute_hashes - 
[18:54:43.276] [bmv2] [T] [thread 3058] [16.0] [cxt 0] Action MyIngress.compute_hashes
[18:54:43.276] [bmv2] [T] [thread 3058] [16.0] [cxt 0] basic.p4(180) Primitive key
[18:54:43.276] [bmv2] [T] [thread 3058] [16.0] [cxt 0] basic.p4(180) Primitive hash(key_position, HashAlgorithm.crc32, (bit<32>)0, {key}, (bit<32>)4096)
[18:54:43.276] [bmv2] [T] [thread 3058] [16.0] [cxt 0] hash(base=0, max=4096) = 3868
[18:54:43.276] [bmv2] [T] [thread 3058] [16.0] [cxt 0] basic.p4(199) Condition "hdr.kv.direction == OUTBOUND" (node_4) is false
[18:54:43.276] [bmv2] [T] [thread 3058] [16.0] [cxt 0] basic.p4(247) Condition "hdr.kv.direction == INBOUND && hdr.kv.rw == READ_BIT" (node_12) is false
[18:54:43.276] [bmv2] [T] [thread 3058] [16.0] [cxt 0] basic.p4(276) Condition "meta.to_recirculate == 1" (node_22) is false
[18:54:43.276] [bmv2] [T] [thread 3058] [16.0] [cxt 0] basic.p4(279) Condition "hdr.ipv4.isValid()" (node_24) is false
[18:54:43.276] [bmv2] [D] [thread 3058] [16.0] [cxt 0] Pipeline 'ingress': end
[18:54:43.276] [bmv2] [D] [thread 3058] [16.0] [cxt 0] Egress port is 0
[18:54:43.276] [bmv2] [D] [thread 3059] [16.0] [cxt 0] Pipeline 'egress': start
[18:54:43.276] [bmv2] [T] [thread 3059] [16.0] [cxt 0] basic.p4(294) Condition "meta.to_recirculate == 1" (node_28) is false
[18:54:43.276] [bmv2] [D] [thread 3059] [16.0] [cxt 0] Pipeline 'egress': end
[18:54:43.276] [bmv2] [D] [thread 3059] [16.0] [cxt 0] Deparser 'deparser': start
[18:54:43.276] [bmv2] [T] [thread 3059] [16.0] [cxt 0] Skipping checksum 'cksum' update because condition not met
[18:54:43.276] [bmv2] [D] [thread 3059] [16.0] [cxt 0] Deparsing header 'ethernet'
[18:54:43.277] [bmv2] [D] [thread 3059] [16.0] [cxt 0] Deparser 'deparser': end
[18:54:43.277] [bmv2] [D] [thread 3063] [16.0] [cxt 0] Transmitting packet of size 70 out of port 0
[18:55:03.755] [bmv2] [D] [thread 3058] [17.0] [cxt 0] Processing packet received on port 2
[18:55:03.755] [bmv2] [D] [thread 3058] [17.0] [cxt 0] Parser 'parser': start
[18:55:03.755] [bmv2] [D] [thread 3058] [17.0] [cxt 0] Parser 'parser' entering state 'start'
[18:55:03.755] [bmv2] [D] [thread 3058] [17.0] [cxt 0] Extracting header 'ethernet'
[18:55:03.755] [bmv2] [D] [thread 3058] [17.0] [cxt 0] Parser state 'start': key is 86dd
[18:55:03.755] [bmv2] [T] [thread 3058] [17.0] [cxt 0] Bytes parsed: 14
[18:55:03.755] [bmv2] [D] [thread 3058] [17.0] [cxt 0] Parser 'parser': end
[18:55:03.755] [bmv2] [D] [thread 3058] [17.0] [cxt 0] Pipeline 'ingress': start
[18:55:03.755] [bmv2] [T] [thread 3058] [17.0] [cxt 0] Applying table 'tbl_init'
[18:55:03.755] [bmv2] [D] [thread 3058] [17.0] [cxt 0] Looking up key:

[18:55:03.755] [bmv2] [D] [thread 3058] [17.0] [cxt 0] Table 'tbl_init': miss
[18:55:03.755] [bmv2] [D] [thread 3058] [17.0] [cxt 0] Action entry is MyIngress.init - 
[18:55:03.755] [bmv2] [T] [thread 3058] [17.0] [cxt 0] Action MyIngress.init
[18:55:03.755] [bmv2] [T] [thread 3058] [17.0] [cxt 0] basic.p4(174) Primitive evicted_key_2 = 0x0000
[18:55:03.755] [bmv2] [T] [thread 3058] [17.0] [cxt 0] basic.p4(175) Primitive evicted_value_2 = 0x0000
[18:55:03.755] [bmv2] [T] [thread 3058] [17.0] [cxt 0] basic.p4(176) Primitive meta.to_recirculate = 0x0
[18:55:03.755] [bmv2] [T] [thread 3058] [17.0] [cxt 0] Applying table 'tbl_compute_hashes'
[18:55:03.755] [bmv2] [D] [thread 3058] [17.0] [cxt 0] Looking up key:

[18:55:03.755] [bmv2] [D] [thread 3058] [17.0] [cxt 0] Table 'tbl_compute_hashes': miss
[18:55:03.755] [bmv2] [D] [thread 3058] [17.0] [cxt 0] Action entry is MyIngress.compute_hashes - 
[18:55:03.755] [bmv2] [T] [thread 3058] [17.0] [cxt 0] Action MyIngress.compute_hashes
[18:55:03.755] [bmv2] [T] [thread 3058] [17.0] [cxt 0] basic.p4(180) Primitive key
[18:55:03.755] [bmv2] [T] [thread 3058] [17.0] [cxt 0] basic.p4(180) Primitive hash(key_position, HashAlgorithm.crc32, (bit<32>)0, {key}, (bit<32>)4096)
[18:55:03.755] [bmv2] [T] [thread 3058] [17.0] [cxt 0] hash(base=0, max=4096) = 3868
[18:55:03.755] [bmv2] [T] [thread 3058] [17.0] [cxt 0] basic.p4(199) Condition "hdr.kv.direction == OUTBOUND" (node_4) is false
[18:55:03.755] [bmv2] [T] [thread 3058] [17.0] [cxt 0] basic.p4(247) Condition "hdr.kv.direction == INBOUND && hdr.kv.rw == READ_BIT" (node_12) is false
[18:55:03.755] [bmv2] [T] [thread 3058] [17.0] [cxt 0] basic.p4(276) Condition "meta.to_recirculate == 1" (node_22) is false
[18:55:03.755] [bmv2] [T] [thread 3058] [17.0] [cxt 0] basic.p4(279) Condition "hdr.ipv4.isValid()" (node_24) is false
[18:55:03.755] [bmv2] [D] [thread 3058] [17.0] [cxt 0] Pipeline 'ingress': end
[18:55:03.755] [bmv2] [D] [thread 3058] [17.0] [cxt 0] Egress port is 0
[18:55:03.755] [bmv2] [D] [thread 3059] [17.0] [cxt 0] Pipeline 'egress': start
[18:55:03.755] [bmv2] [T] [thread 3059] [17.0] [cxt 0] basic.p4(294) Condition "meta.to_recirculate == 1" (node_28) is false
[18:55:03.755] [bmv2] [D] [thread 3059] [17.0] [cxt 0] Pipeline 'egress': end
[18:55:03.755] [bmv2] [D] [thread 3059] [17.0] [cxt 0] Deparser 'deparser': start
[18:55:03.755] [bmv2] [T] [thread 3059] [17.0] [cxt 0] Skipping checksum 'cksum' update because condition not met
[18:55:03.755] [bmv2] [D] [thread 3059] [17.0] [cxt 0] Deparsing header 'ethernet'
[18:55:03.755] [bmv2] [D] [thread 3059] [17.0] [cxt 0] Deparser 'deparser': end
[18:55:03.755] [bmv2] [D] [thread 3063] [17.0] [cxt 0] Transmitting packet of size 70 out of port 0
[18:56:46.155] [bmv2] [D] [thread 3058] [18.0] [cxt 0] Processing packet received on port 1
[18:56:46.155] [bmv2] [D] [thread 3058] [18.0] [cxt 0] Parser 'parser': start
[18:56:46.155] [bmv2] [D] [thread 3058] [18.0] [cxt 0] Parser 'parser' entering state 'start'
[18:56:46.155] [bmv2] [D] [thread 3058] [18.0] [cxt 0] Extracting header 'ethernet'
[18:56:46.155] [bmv2] [D] [thread 3058] [18.0] [cxt 0] Parser state 'start': key is 86dd
[18:56:46.155] [bmv2] [T] [thread 3058] [18.0] [cxt 0] Bytes parsed: 14
[18:56:46.155] [bmv2] [D] [thread 3058] [18.0] [cxt 0] Parser 'parser': end
[18:56:46.155] [bmv2] [D] [thread 3058] [18.0] [cxt 0] Pipeline 'ingress': start
[18:56:46.155] [bmv2] [T] [thread 3058] [18.0] [cxt 0] Applying table 'tbl_init'
[18:56:46.155] [bmv2] [D] [thread 3058] [18.0] [cxt 0] Looking up key:

[18:56:46.155] [bmv2] [D] [thread 3058] [18.0] [cxt 0] Table 'tbl_init': miss
[18:56:46.155] [bmv2] [D] [thread 3058] [18.0] [cxt 0] Action entry is MyIngress.init - 
[18:56:46.155] [bmv2] [T] [thread 3058] [18.0] [cxt 0] Action MyIngress.init
[18:56:46.155] [bmv2] [T] [thread 3058] [18.0] [cxt 0] basic.p4(174) Primitive evicted_key_2 = 0x0000
[18:56:46.155] [bmv2] [T] [thread 3058] [18.0] [cxt 0] basic.p4(175) Primitive evicted_value_2 = 0x0000
[18:56:46.155] [bmv2] [T] [thread 3058] [18.0] [cxt 0] basic.p4(176) Primitive meta.to_recirculate = 0x0
[18:56:46.155] [bmv2] [T] [thread 3058] [18.0] [cxt 0] Applying table 'tbl_compute_hashes'
[18:56:46.155] [bmv2] [D] [thread 3058] [18.0] [cxt 0] Looking up key:

[18:56:46.155] [bmv2] [D] [thread 3058] [18.0] [cxt 0] Table 'tbl_compute_hashes': miss
[18:56:46.155] [bmv2] [D] [thread 3058] [18.0] [cxt 0] Action entry is MyIngress.compute_hashes - 
[18:56:46.155] [bmv2] [T] [thread 3058] [18.0] [cxt 0] Action MyIngress.compute_hashes
[18:56:46.155] [bmv2] [T] [thread 3058] [18.0] [cxt 0] basic.p4(180) Primitive key
[18:56:46.155] [bmv2] [T] [thread 3058] [18.0] [cxt 0] basic.p4(180) Primitive hash(key_position, HashAlgorithm.crc32, (bit<32>)0, {key}, (bit<32>)4096)
[18:56:46.155] [bmv2] [T] [thread 3058] [18.0] [cxt 0] hash(base=0, max=4096) = 3868
[18:56:46.155] [bmv2] [T] [thread 3058] [18.0] [cxt 0] basic.p4(199) Condition "hdr.kv.direction == OUTBOUND" (node_4) is false
[18:56:46.155] [bmv2] [T] [thread 3058] [18.0] [cxt 0] basic.p4(247) Condition "hdr.kv.direction == INBOUND && hdr.kv.rw == READ_BIT" (node_12) is false
[18:56:46.155] [bmv2] [T] [thread 3058] [18.0] [cxt 0] basic.p4(276) Condition "meta.to_recirculate == 1" (node_22) is false
[18:56:46.155] [bmv2] [T] [thread 3058] [18.0] [cxt 0] basic.p4(279) Condition "hdr.ipv4.isValid()" (node_24) is false
[18:56:46.155] [bmv2] [D] [thread 3058] [18.0] [cxt 0] Pipeline 'ingress': end
[18:56:46.155] [bmv2] [D] [thread 3058] [18.0] [cxt 0] Egress port is 0
[18:56:46.155] [bmv2] [D] [thread 3059] [18.0] [cxt 0] Pipeline 'egress': start
[18:56:46.155] [bmv2] [T] [thread 3059] [18.0] [cxt 0] basic.p4(294) Condition "meta.to_recirculate == 1" (node_28) is false
[18:56:46.155] [bmv2] [D] [thread 3059] [18.0] [cxt 0] Pipeline 'egress': end
[18:56:46.155] [bmv2] [D] [thread 3059] [18.0] [cxt 0] Deparser 'deparser': start
[18:56:46.155] [bmv2] [T] [thread 3059] [18.0] [cxt 0] Skipping checksum 'cksum' update because condition not met
[18:56:46.155] [bmv2] [D] [thread 3059] [18.0] [cxt 0] Deparsing header 'ethernet'
[18:56:46.155] [bmv2] [D] [thread 3059] [18.0] [cxt 0] Deparser 'deparser': end
[18:56:46.155] [bmv2] [D] [thread 3063] [18.0] [cxt 0] Transmitting packet of size 70 out of port 0
[18:57:39.410] [bmv2] [D] [thread 3058] [19.0] [cxt 0] Processing packet received on port 2
[18:57:39.410] [bmv2] [D] [thread 3058] [19.0] [cxt 0] Parser 'parser': start
[18:57:39.410] [bmv2] [D] [thread 3058] [19.0] [cxt 0] Parser 'parser' entering state 'start'
[18:57:39.410] [bmv2] [D] [thread 3058] [19.0] [cxt 0] Extracting header 'ethernet'
[18:57:39.410] [bmv2] [D] [thread 3058] [19.0] [cxt 0] Parser state 'start': key is 86dd
[18:57:39.410] [bmv2] [T] [thread 3058] [19.0] [cxt 0] Bytes parsed: 14
[18:57:39.411] [bmv2] [D] [thread 3058] [19.0] [cxt 0] Parser 'parser': end
[18:57:39.411] [bmv2] [D] [thread 3058] [19.0] [cxt 0] Pipeline 'ingress': start
[18:57:39.411] [bmv2] [T] [thread 3058] [19.0] [cxt 0] Applying table 'tbl_init'
[18:57:39.411] [bmv2] [D] [thread 3058] [19.0] [cxt 0] Looking up key:

[18:57:39.411] [bmv2] [D] [thread 3058] [19.0] [cxt 0] Table 'tbl_init': miss
[18:57:39.411] [bmv2] [D] [thread 3058] [19.0] [cxt 0] Action entry is MyIngress.init - 
[18:57:39.411] [bmv2] [T] [thread 3058] [19.0] [cxt 0] Action MyIngress.init
[18:57:39.411] [bmv2] [T] [thread 3058] [19.0] [cxt 0] basic.p4(174) Primitive evicted_key_2 = 0x0000
[18:57:39.411] [bmv2] [T] [thread 3058] [19.0] [cxt 0] basic.p4(175) Primitive evicted_value_2 = 0x0000
[18:57:39.411] [bmv2] [T] [thread 3058] [19.0] [cxt 0] basic.p4(176) Primitive meta.to_recirculate = 0x0
[18:57:39.411] [bmv2] [T] [thread 3058] [19.0] [cxt 0] Applying table 'tbl_compute_hashes'
[18:57:39.411] [bmv2] [D] [thread 3058] [19.0] [cxt 0] Looking up key:

[18:57:39.411] [bmv2] [D] [thread 3058] [19.0] [cxt 0] Table 'tbl_compute_hashes': miss
[18:57:39.411] [bmv2] [D] [thread 3058] [19.0] [cxt 0] Action entry is MyIngress.compute_hashes - 
[18:57:39.411] [bmv2] [T] [thread 3058] [19.0] [cxt 0] Action MyIngress.compute_hashes
[18:57:39.411] [bmv2] [T] [thread 3058] [19.0] [cxt 0] basic.p4(180) Primitive key
[18:57:39.411] [bmv2] [T] [thread 3058] [19.0] [cxt 0] basic.p4(180) Primitive hash(key_position, HashAlgorithm.crc32, (bit<32>)0, {key}, (bit<32>)4096)
[18:57:39.411] [bmv2] [T] [thread 3058] [19.0] [cxt 0] hash(base=0, max=4096) = 3868
[18:57:39.411] [bmv2] [T] [thread 3058] [19.0] [cxt 0] basic.p4(199) Condition "hdr.kv.direction == OUTBOUND" (node_4) is false
[18:57:39.411] [bmv2] [T] [thread 3058] [19.0] [cxt 0] basic.p4(247) Condition "hdr.kv.direction == INBOUND && hdr.kv.rw == READ_BIT" (node_12) is false
[18:57:39.411] [bmv2] [T] [thread 3058] [19.0] [cxt 0] basic.p4(276) Condition "meta.to_recirculate == 1" (node_22) is false
[18:57:39.411] [bmv2] [T] [thread 3058] [19.0] [cxt 0] basic.p4(279) Condition "hdr.ipv4.isValid()" (node_24) is false
[18:57:39.411] [bmv2] [D] [thread 3058] [19.0] [cxt 0] Pipeline 'ingress': end
[18:57:39.411] [bmv2] [D] [thread 3058] [19.0] [cxt 0] Egress port is 0
[18:57:39.411] [bmv2] [D] [thread 3059] [19.0] [cxt 0] Pipeline 'egress': start
[18:57:39.412] [bmv2] [T] [thread 3059] [19.0] [cxt 0] basic.p4(294) Condition "meta.to_recirculate == 1" (node_28) is false
[18:57:39.412] [bmv2] [D] [thread 3059] [19.0] [cxt 0] Pipeline 'egress': end
[18:57:39.412] [bmv2] [D] [thread 3059] [19.0] [cxt 0] Deparser 'deparser': start
[18:57:39.412] [bmv2] [T] [thread 3059] [19.0] [cxt 0] Skipping checksum 'cksum' update because condition not met
[18:57:39.412] [bmv2] [D] [thread 3059] [19.0] [cxt 0] Deparsing header 'ethernet'
[18:57:39.412] [bmv2] [D] [thread 3059] [19.0] [cxt 0] Deparser 'deparser': end
[18:57:39.412] [bmv2] [D] [thread 3063] [19.0] [cxt 0] Transmitting packet of size 70 out of port 0
